#
# There is insufficient memory for the Java Runtime Environment to continue.
# Native memory allocation (malloc) failed to allocate 88604672 bytes for committing reserved memory.
# Possible reasons:
#   The system is out of physical RAM or swap space
#   In 32 bit mode, the process size limit was hit
# Possible solutions:
#   Reduce memory load on the system
#   Increase physical memory or swap space
#   Check if swap backing store is full
#   Use 64 bit Java on a 64 bit OS
#   Decrease Java heap size (-Xmx/-Xms)
#   Decrease number of Java threads
#   Decrease Java thread stack sizes (-Xss)
#   Set larger code cache with -XX:ReservedCodeCacheSize=
# This output file may be truncated or incomplete.
#
#  Out of Memory Error (os_linux.cpp:2745), pid=8847, tid=140460031985408
#
# JRE version: Java(TM) SE Runtime Environment (7.0_65-b17) (build 1.7.0_65-b17)
# Java VM: Java HotSpot(TM) 64-Bit Server VM (24.65-b04 mixed mode linux-amd64 compressed oops)
# Failed to write core dump. Core dumps have been disabled. To enable core dumping, try "ulimit -c unlimited" before starting Java again
#

---------------  T H R E A D  ---------------

Current thread (0x00007fbf6c069800):  VMThread [stack: 0x00007fbf663fc000,0x00007fbf664fd000] [id=8854]

Stack: [0x00007fbf663fc000,0x00007fbf664fd000],  sp=0x00007fbf664fb220,  free space=1020k
Native frames: (J=compiled Java code, j=interpreted, Vv=VM code, C=native code)
V  [libjvm.so+0x99eb8a]  VMError::report_and_die()+0x2ea
V  [libjvm.so+0x49721b]  report_vm_out_of_memory(char const*, int, unsigned long, char const*)+0x9b
V  [libjvm.so+0x81d9ae]  os::Linux::commit_memory_impl(char*, unsigned long, bool)+0xfe
V  [libjvm.so+0x81def9]  os::pd_commit_memory(char*, unsigned long, unsigned long, bool)+0x29
V  [libjvm.so+0x817caa]  os::commit_memory(char*, unsigned long, unsigned long, bool)+0x2a
V  [libjvm.so+0x88a7a3]  PSVirtualSpace::expand_by(unsigned long)+0x53
V  [libjvm.so+0x879c20]  PSOldGen::expand(unsigned long)+0x170
V  [libjvm.so+0x879e2b]  PSOldGen::resize(unsigned long)+0x1cb
V  [libjvm.so+0x882af1]  PSParallelCompact::invoke_no_policy(bool)+0x9b1
V  [libjvm.so+0x888a4d]  PSScavenge::invoke()+0x1ad
V  [libjvm.so+0x83f510]  ParallelScavengeHeap::failed_mem_allocate(unsigned long)+0x70
V  [libjvm.so+0x9a0417]  VM_ParallelGCFailedAllocation::doit()+0x97
V  [libjvm.so+0x9a78b5]  VM_Operation::evaluate()+0x55
V  [libjvm.so+0x9a5c7a]  VMThread::evaluate_operation(VM_Operation*)+0xba
V  [libjvm.so+0x9a5ffe]  VMThread::loop()+0x1ce
V  [libjvm.so+0x9a6470]  VMThread::run()+0x70
V  [libjvm.so+0x81f988]  java_start(Thread*)+0x108

VM_Operation (0x00007fbf646865f0): ParallelGCFailedAllocation, mode: safepoint, requested by thread 0x00007fbf34027800


---------------  P R O C E S S  ---------------

Java Threads: ( => current thread )
  0x00007fbf285d5000 JavaThread "Stdin handler" [_thread_blocked, id=10440, stack(0x00007fbf64389000,0x00007fbf6448a000)]
  0x00007fbf2801b000 JavaThread "Handler for socket connection at /127.0.0.1:42406 with /127.0.0.1:52340" [_thread_in_native, id=10437, stack(0x00007fbf6448a000,0x00007fbf6458b000)]
  0x00007fbf290a8000 JavaThread "process reaper" daemon [_thread_blocked, id=10351, stack(0x00007fbf1fb8a000,0x00007fbf1fbc3000)]
  0x00007fbf34027800 JavaThread "Daemon Thread 7" [_thread_blocked, id=10250, stack(0x00007fbf6458b000,0x00007fbf6468c000)]
  0x00007fbf287b1000 JavaThread "File lock request listener" [_thread_in_native, id=8897, stack(0x00007fbf64102000,0x00007fbf64203000)]
  0x00007fbf6c62e800 JavaThread "Incoming local TCP Connector on port 42406" [_thread_in_native, id=8870, stack(0x00007fbf6468c000,0x00007fbf6478d000)]
  0x00007fbf6c09e800 JavaThread "Service Thread" daemon [_thread_blocked, id=8860, stack(0x00007fbf65712000,0x00007fbf65813000)]
  0x00007fbf6c09c000 JavaThread "C2 CompilerThread1" daemon [_thread_blocked, id=8859, stack(0x00007fbf65813000,0x00007fbf65914000)]
  0x00007fbf6c099000 JavaThread "C2 CompilerThread0" daemon [_thread_blocked, id=8858, stack(0x00007fbf65914000,0x00007fbf65a15000)]
  0x00007fbf6c097800 JavaThread "Signal Dispatcher" daemon [_thread_blocked, id=8857, stack(0x00007fbf65a15000,0x00007fbf65b16000)]
  0x00007fbf6c070000 JavaThread "Finalizer" daemon [_thread_blocked, id=8856, stack(0x00007fbf661fa000,0x00007fbf662fb000)]
  0x00007fbf6c06e000 JavaThread "Reference Handler" daemon [_thread_blocked, id=8855, stack(0x00007fbf662fb000,0x00007fbf663fc000)]
  0x00007fbf6c00a000 JavaThread "main" [_thread_blocked, id=8849, stack(0x00007fbf74873000,0x00007fbf74974000)]

Other Threads:
=>0x00007fbf6c069800 VMThread [stack: 0x00007fbf663fc000,0x00007fbf664fd000] [id=8854]
  0x00007fbf6c0a9800 WatcherThread [stack: 0x00007fbf65611000,0x00007fbf65712000] [id=8861]

VM state:at safepoint (normal execution)

VM Mutex/Monitor currently owned by a thread:  ([mutex/lock_event])
[0x00007fbf6c005cf0] ExpandHeap_lock - owner thread: 0x00007fbf6c069800
[0x00007fbf6c006370] Threads_lock - owner thread: 0x00007fbf6c069800
[0x00007fbf6c006870] Heap_lock - owner thread: 0x00007fbf34027800

Heap
 PSYoungGen      total 266752K, used 9542K [0x00000000eaa80000, 0x00000000ffa80000, 0x0000000100000000)
  eden space 189440K, 0% used [0x00000000eaa80000,0x00000000eaa80000,0x00000000f6380000)
  from space 77312K, 12% used [0x00000000f6380000,0x00000000f6cd18f0,0x00000000faf00000)
  to   space 73216K, 0% used [0x00000000fb300000,0x00000000fb300000,0x00000000ffa80000)
 ParOldGen       total 202240K, used 202092K [0x00000000c0000000, 0x00000000cc580000, 0x00000000eaa80000)
  object space 202240K, 99% used [0x00000000c0000000,0x00000000cc55b2b8,0x00000000cc580000)
 PSPermGen       total 133632K, used 133020K [0x00000000b0000000, 0x00000000b8280000, 0x00000000c0000000)
  object space 133632K, 99% used [0x00000000b0000000,0x00000000b81e7398,0x00000000b8280000)

Card table byte_map: [0x00007fbf718e2000,0x00007fbf71b63000] byte_map_base: 0x00007fbf71362000

Polling page: 0x00007fbf74993000

Code Cache  [0x00007fbf69000000, 0x00007fbf69760000, 0x00007fbf6c000000)
 total_blobs=2481 nmethods=1863 adapters=570 free_code_cache=41698Kb largest_free_block=42616832

Compilation events (10 events):
Event: 2414,217 Thread 0x00007fbf6c099000 2048             java.util.ComparableTimSort::sort (179 bytes)
Event: 2414,223 Thread 0x00007fbf6c09c000 2049             org.gradle.api.internal.file.pattern.EndOfPathMatcher::getMinSegments (2 bytes)
Event: 2414,223 Thread 0x00007fbf6c09c000 nmethod 2049 0x00007fbf693f38d0 code [0x00007fbf693f3a00, 0x00007fbf693f3a58]
Event: 2414,244 Thread 0x00007fbf6c099000 nmethod 2048 0x00007fbf693efd90 code [0x00007fbf693eff80, 0x00007fbf693f0980]
Event: 2414,285 Thread 0x00007fbf6c09c000 2050             java.io.Bits::putLong (86 bytes)
Event: 2414,286 Thread 0x00007fbf6c09c000 nmethod 2050 0x00007fbf693f3010 code [0x00007fbf693f3160, 0x00007fbf693f3298]
Event: 2414,320 Thread 0x00007fbf6c09c000 2051             org.objectweb.asm.MethodWriter::visitTypeInsn (110 bytes)
Event: 2414,326 Thread 0x00007fbf6c09c000 nmethod 2051 0x00007fbf693f2810 code [0x00007fbf693f29a0, 0x00007fbf693f2ca8]
Event: 2414,462 Thread 0x00007fbf6c099000 2052             org.apache.commons.lang.text.StrBuilder::length (5 bytes)
Event: 2414,462 Thread 0x00007fbf6c099000 nmethod 2052 0x00007fbf693ee390 code [0x00007fbf693ee4c0, 0x00007fbf693ee518]

GC Heap History (10 events):
Event: 2368,678 GC heap after
Heap after GC invocations=46 (full 11):
 PSYoungGen      total 262144K, used 32085K [0x00000000eaa80000, 0x00000000ff380000, 0x0000000100000000)
  eden space 183808K, 0% used [0x00000000eaa80000,0x00000000eaa80000,0x00000000f5e00000)
  from space 78336K, 40% used [0x00000000f5e00000,0x00000000f7d55440,0x00000000faa80000)
  to   space 73728K, 0% used [0x00000000fab80000,0x00000000fab80000,0x00000000ff380000)
 ParOldGen       total 202240K, used 121258K [0x00000000c0000000, 0x00000000cc580000, 0x00000000eaa80000)
  object space 202240K, 59% used [0x00000000c0000000,0x00000000c766aaa8,0x00000000cc580000)
 PSPermGen       total 133120K, used 109201K [0x00000000b0000000, 0x00000000b8200000, 0x00000000c0000000)
  object space 133120K, 82% used [0x00000000b0000000,0x00000000b6aa47f8,0x00000000b8200000)
}
Event: 2371,260 GC heap before
{Heap before GC invocations=47 (full 11):
 PSYoungGen      total 262144K, used 215893K [0x00000000eaa80000, 0x00000000ff380000, 0x0000000100000000)
  eden space 183808K, 100% used [0x00000000eaa80000,0x00000000f5e00000,0x00000000f5e00000)
  from space 78336K, 40% used [0x00000000f5e00000,0x00000000f7d55440,0x00000000faa80000)
  to   space 73728K, 0% used [0x00000000fab80000,0x00000000fab80000,0x00000000ff380000)
 ParOldGen       total 202240K, used 121258K [0x00000000c0000000, 0x00000000cc580000, 0x00000000eaa80000)
  object space 202240K, 59% used [0x00000000c0000000,0x00000000c766aaa8,0x00000000cc580000)
 PSPermGen       total 133120K, used 118453K [0x00000000b0000000, 0x00000000b8200000, 0x00000000c0000000)
  object space 133120K, 88% used [0x00000000b0000000,0x00000000b73ad7e0,0x00000000b8200000)
Event: 2371,333 GC heap after
Heap after GC invocations=47 (full 11):
 PSYoungGen      total 257024K, used 59095K [0x00000000eaa80000, 0x0000000100000000, 0x0000000100000000)
  eden space 183296K, 0% used [0x00000000eaa80000,0x00000000eaa80000,0x00000000f5d80000)
  from space 73728K, 80% used [0x00000000fab80000,0x00000000fe535cb0,0x00000000ff380000)
  to   space 79872K, 0% used [0x00000000f5d80000,0x00000000f5d80000,0x00000000fab80000)
 ParOldGen       total 202240K, used 121258K [0x00000000c0000000, 0x00000000cc580000, 0x00000000eaa80000)
  object space 202240K, 59% used [0x00000000c0000000,0x00000000c766aaa8,0x00000000cc580000)
 PSPermGen       total 133120K, used 118453K [0x00000000b0000000, 0x00000000b8200000, 0x00000000c0000000)
  object space 133120K, 88% used [0x00000000b0000000,0x00000000b73ad7e0,0x00000000b8200000)
}
Event: 2408,777 GC heap before
{Heap before GC invocations=48 (full 11):
 PSYoungGen      total 257024K, used 242391K [0x00000000eaa80000, 0x0000000100000000, 0x0000000100000000)
  eden space 183296K, 100% used [0x00000000eaa80000,0x00000000f5d80000,0x00000000f5d80000)
  from space 73728K, 80% used [0x00000000fab80000,0x00000000fe535cb0,0x00000000ff380000)
  to   space 79872K, 0% used [0x00000000f5d80000,0x00000000f5d80000,0x00000000fab80000)
 ParOldGen       total 202240K, used 121258K [0x00000000c0000000, 0x00000000cc580000, 0x00000000eaa80000)
  object space 202240K, 59% used [0x00000000c0000000,0x00000000c766aaa8,0x00000000cc580000)
 PSPermGen       total 133120K, used 122574K [0x00000000b0000000, 0x00000000b8200000, 0x00000000c0000000)
  object space 133120K, 92% used [0x00000000b0000000,0x00000000b77b3890,0x00000000b8200000)
Event: 2408,854 GC heap after
Heap after GC invocations=48 (full 11):
 PSYoungGen      total 263168K, used 48993K [0x00000000eaa80000, 0x0000000100000000, 0x0000000100000000)
  eden space 183296K, 0% used [0x00000000eaa80000,0x00000000eaa80000,0x00000000f5d80000)
  from space 79872K, 61% used [0x00000000f5d80000,0x00000000f8d58480,0x00000000fab80000)
  to   space 80384K, 0% used [0x00000000fb180000,0x00000000fb180000,0x0000000100000000)
 ParOldGen       total 202240K, used 136416K [0x00000000c0000000, 0x00000000cc580000, 0x00000000eaa80000)
  object space 202240K, 67% used [0x00000000c0000000,0x00000000c8538158,0x00000000cc580000)
 PSPermGen       total 133120K, used 122574K [0x00000000b0000000, 0x00000000b8200000, 0x00000000c0000000)
  object space 133120K, 92% used [0x00000000b0000000,0x00000000b77b3890,0x00000000b8200000)
}
Event: 2411,126 GC heap before
{Heap before GC invocations=49 (full 11):
 PSYoungGen      total 263168K, used 232289K [0x00000000eaa80000, 0x0000000100000000, 0x0000000100000000)
  eden space 183296K, 100% used [0x00000000eaa80000,0x00000000f5d80000,0x00000000f5d80000)
  from space 79872K, 61% used [0x00000000f5d80000,0x00000000f8d58480,0x00000000fab80000)
  to   space 80384K, 0% used [0x00000000fb180000,0x00000000fb180000,0x0000000100000000)
 ParOldGen       total 202240K, used 136416K [0x00000000c0000000, 0x00000000cc580000, 0x00000000eaa80000)
  object space 202240K, 67% used [0x00000000c0000000,0x00000000c8538158,0x00000000cc580000)
 PSPermGen       total 133120K, used 125302K [0x00000000b0000000, 0x00000000b8200000, 0x00000000c0000000)
  object space 133120K, 94% used [0x00000000b0000000,0x00000000b7a5da28,0x00000000b8200000)
Event: 2411,180 GC heap after
Heap after GC invocations=49 (full 11):
 PSYoungGen      total 264192K, used 39052K [0x00000000eaa80000, 0x00000000ffa80000, 0x0000000100000000)
  eden space 189440K, 0% used [0x00000000eaa80000,0x00000000eaa80000,0x00000000f6380000)
  from space 74752K, 52% used [0x00000000fb180000,0x00000000fd7a3398,0x00000000ffa80000)
  to   space 77312K, 0% used [0x00000000f6380000,0x00000000f6380000,0x00000000faf00000)
 ParOldGen       total 202240K, used 151272K [0x00000000c0000000, 0x00000000cc580000, 0x00000000eaa80000)
  object space 202240K, 74% used [0x00000000c0000000,0x00000000c93ba000,0x00000000cc580000)
 PSPermGen       total 133120K, used 125302K [0x00000000b0000000, 0x00000000b8200000, 0x00000000c0000000)
  object space 133120K, 94% used [0x00000000b0000000,0x00000000b7a5da28,0x00000000b8200000)
}
Event: 2414,734 GC heap before
{Heap before GC invocations=50 (full 11):
 PSYoungGen      total 264192K, used 228492K [0x00000000eaa80000, 0x00000000ffa80000, 0x0000000100000000)
  eden space 189440K, 100% used [0x00000000eaa80000,0x00000000f6380000,0x00000000f6380000)
  from space 74752K, 52% used [0x00000000fb180000,0x00000000fd7a3398,0x00000000ffa80000)
  to   space 77312K, 0% used [0x00000000f6380000,0x00000000f6380000,0x00000000faf00000)
 ParOldGen       total 202240K, used 151272K [0x00000000c0000000, 0x00000000cc580000, 0x00000000eaa80000)
  object space 202240K, 74% used [0x00000000c0000000,0x00000000c93ba000,0x00000000cc580000)
 PSPermGen       total 133632K, used 133307K [0x00000000b0000000, 0x00000000b8280000, 0x00000000c0000000)
  object space 133632K, 99% used [0x00000000b0000000,0x00000000b822eea0,0x00000000b8280000)
Event: 2414,806 GC heap after
Heap after GC invocations=50 (full 11):
 PSYoungGen      total 266752K, used 35125K [0x00000000eaa80000, 0x00000000ffa80000, 0x0000000100000000)
  eden space 189440K, 0% used [0x00000000eaa80000,0x00000000eaa80000,0x00000000f6380000)
  from space 77312K, 45% used [0x00000000f6380000,0x00000000f85cd730,0x00000000faf00000)
  to   space 73216K, 0% used [0x00000000fb300000,0x00000000fb300000,0x00000000ffa80000)
 ParOldGen       total 202240K, used 180680K [0x00000000c0000000, 0x00000000cc580000, 0x00000000eaa80000)
  object space 202240K, 89% used [0x00000000c0000000,0x00000000cb072228,0x00000000cc580000)
 PSPermGen       total 133632K, used 133307K [0x00000000b0000000, 0x00000000b8280000, 0x00000000c0000000)
  object space 133632K, 99% used [0x00000000b0000000,0x00000000b822eea0,0x00000000b8280000)
}
Event: 2414,806 GC heap before
{Heap before GC invocations=51 (full 12):
 PSYoungGen      total 266752K, used 35125K [0x00000000eaa80000, 0x00000000ffa80000, 0x0000000100000000)
  eden space 189440K, 0% used [0x00000000eaa80000,0x00000000eaa80000,0x00000000f6380000)
  from space 77312K, 45% used [0x00000000f6380000,0x00000000f85cd730,0x00000000faf00000)
  to   space 73216K, 0% used [0x00000000fb300000,0x00000000fb300000,0x00000000ffa80000)
 ParOldGen       total 202240K, used 180680K [0x00000000c0000000, 0x00000000cc580000, 0x00000000eaa80000)
  object space 202240K, 89% used [0x00000000c0000000,0x00000000cb072228,0x00000000cc580000)
 PSPermGen       total 133632K, used 133307K [0x00000000b0000000, 0x00000000b8280000, 0x00000000c0000000)
  object space 133632K, 99% used [0x00000000b0000000,0x00000000b822eea0,0x00000000b8280000)

Deoptimization events (10 events):
Event: 2351,162 Thread 0x00007fbf34027800 Uncommon trap: reason=array_check action=maybe_recompile pc=0x00007fbf693be0fc method=java.util.ComparableTimSort.reverseRange([Ljava/lang/Object;II)V @ 20
Event: 2351,165 Thread 0x00007fbf34027800 Uncommon trap: reason=array_check action=maybe_recompile pc=0x00007fbf693be0fc method=java.util.ComparableTimSort.reverseRange([Ljava/lang/Object;II)V @ 20
Event: 2351,171 Thread 0x00007fbf34027800 Uncommon trap: reason=array_check action=maybe_recompile pc=0x00007fbf693be0fc method=java.util.ComparableTimSort.reverseRange([Ljava/lang/Object;II)V @ 20
Event: 2351,171 Thread 0x00007fbf34027800 Uncommon trap: reason=array_check action=maybe_recompile pc=0x00007fbf693be0fc method=java.util.ComparableTimSort.reverseRange([Ljava/lang/Object;II)V @ 20
Event: 2351,715 Thread 0x00007fbf34027800 Uncommon trap: reason=array_check action=maybe_recompile pc=0x00007fbf69708e4c method=java.util.ComparableTimSort.reverseRange([Ljava/lang/Object;II)V @ 27
Event: 2351,715 Thread 0x00007fbf34027800 Uncommon trap: reason=array_check action=maybe_recompile pc=0x00007fbf69708e4c method=java.util.ComparableTimSort.reverseRange([Ljava/lang/Object;II)V @ 27
Event: 2369,374 Thread 0x00007fbf34027800 Uncommon trap: reason=class_check action=maybe_recompile pc=0x00007fbf6973829c method=sun.reflect.DelegatingConstructorAccessorImpl.newInstance([Ljava/lang/Object;)Ljava/lang/Object; @ 5
Event: 2369,404 Thread 0x00007fbf34027800 Uncommon trap: reason=class_check action=maybe_recompile pc=0x00007fbf6973829c method=sun.reflect.DelegatingConstructorAccessorImpl.newInstance([Ljava/lang/Object;)Ljava/lang/Object; @ 5
Event: 2369,413 Thread 0x00007fbf34027800 Uncommon trap: reason=class_check action=maybe_recompile pc=0x00007fbf6973829c method=sun.reflect.DelegatingConstructorAccessorImpl.newInstance([Ljava/lang/Object;)Ljava/lang/Object; @ 5
Event: 2370,350 Thread 0x00007fbf34027800 Uncommon trap: reason=class_check action=maybe_recompile pc=0x00007fbf6973829c method=sun.reflect.DelegatingConstructorAccessorImpl.newInstance([Ljava/lang/Object;)Ljava/lang/Object; @ 5

Internal exceptions (10 events):
Event: 2414,732 Thread 0x00007fbf34027800 Threw 0x00000000f6312098 at /HUDSON/workspace/7u-2-build-linux-amd64/jdk7u65/1224/hotspot/src/share/vm/prims/jvm.cpp:1244
Event: 2414,732 Thread 0x00007fbf34027800 Threw 0x00000000f6313230 at /HUDSON/workspace/7u-2-build-linux-amd64/jdk7u65/1224/hotspot/src/share/vm/prims/jvm.cpp:1244
Event: 2414,732 Thread 0x00007fbf34027800 Threw 0x00000000f6314210 at /HUDSON/workspace/7u-2-build-linux-amd64/jdk7u65/1224/hotspot/src/share/vm/prims/jvm.cpp:1244
Event: 2414,732 Thread 0x00007fbf34027800 Threw 0x00000000f631cf40 at /HUDSON/workspace/7u-2-build-linux-amd64/jdk7u65/1224/hotspot/src/share/vm/prims/jvm.cpp:1244
Event: 2414,732 Thread 0x00007fbf34027800 Threw 0x00000000f631d520 at /HUDSON/workspace/7u-2-build-linux-amd64/jdk7u65/1224/hotspot/src/share/vm/classfile/systemDictionary.cpp:185
Event: 2414,732 Thread 0x00007fbf34027800 Threw 0x00000000f6322d40 at /HUDSON/workspace/7u-2-build-linux-amd64/jdk7u65/1224/hotspot/src/share/vm/prims/jvm.cpp:1244
Event: 2414,732 Thread 0x00007fbf34027800 Threw 0x00000000f6323ee8 at /HUDSON/workspace/7u-2-build-linux-amd64/jdk7u65/1224/hotspot/src/share/vm/prims/jvm.cpp:1244
Event: 2414,732 Thread 0x00007fbf34027800 Threw 0x00000000f6324ee0 at /HUDSON/workspace/7u-2-build-linux-amd64/jdk7u65/1224/hotspot/src/share/vm/prims/jvm.cpp:1244
Event: 2414,732 Thread 0x00007fbf34027800 Threw 0x00000000f632de18 at /HUDSON/workspace/7u-2-build-linux-amd64/jdk7u65/1224/hotspot/src/share/vm/prims/jvm.cpp:1244
Event: 2414,732 Thread 0x00007fbf34027800 Threw 0x00000000f632e3f8 at /HUDSON/workspace/7u-2-build-linux-amd64/jdk7u65/1224/hotspot/src/share/vm/classfile/systemDictionary.cpp:185

Events (10 events):
Event: 2414,731 loading class 0x00007fbf28c05d30 done
Event: 2414,732 loading class 0x00007fbf28c05db0
Event: 2414,732 loading class 0x00007fbf28c05db0 done
Event: 2414,732 loading class 0x00007fbf28c05db0
Event: 2414,732 loading class 0x00007fbf28c05db0 done
Event: 2414,732 loading class 0x00007fbf280cea80
Event: 2414,732 loading class 0x00007fbf280cea80 done
Event: 2414,732 loading class 0x00007fbf280cea80
Event: 2414,732 loading class 0x00007fbf280cea80 done
Event: 2414,733 Executing VM operation: ParallelGCFailedAllocation


Dynamic libraries:
00400000-00401000 r-xp 00000000 08:06 1205505                            /usr/lib/jvm/java-7-oracle/bin/java
00600000-00601000 rw-p 00000000 08:06 1205505                            /usr/lib/jvm/java-7-oracle/bin/java
0226e000-0228f000 rw-p 00000000 00:00 0                                  [heap]
b0000000-b8280000 rw-p 00000000 00:00 0 
b8280000-c0000000 rw-p 00000000 00:00 0 
c0000000-cc580000 rw-p 00000000 00:00 0 
d1a00000-eaa80000 rw-p 00000000 00:00 0 
eaa80000-ffa80000 rw-p 00000000 00:00 0 
ffa80000-100000000 ---p 00000000 00:00 0 
7fbee4000000-7fbee4021000 rw-p 00000000 00:00 0 
7fbee4021000-7fbee8000000 ---p 00000000 00:00 0 
7fbee8000000-7fbee8021000 rw-p 00000000 00:00 0 
7fbee8021000-7fbeec000000 ---p 00000000 00:00 0 
7fbeec000000-7fbeec021000 rw-p 00000000 00:00 0 
7fbeec021000-7fbef0000000 ---p 00000000 00:00 0 
7fbef0000000-7fbef0021000 rw-p 00000000 00:00 0 
7fbef0021000-7fbef4000000 ---p 00000000 00:00 0 
7fbef4000000-7fbef4021000 rw-p 00000000 00:00 0 
7fbef4021000-7fbef8000000 ---p 00000000 00:00 0 
7fbefc000000-7fbefc021000 rw-p 00000000 00:00 0 
7fbefc021000-7fbf00000000 ---p 00000000 00:00 0 
7fbf00000000-7fbf00021000 rw-p 00000000 00:00 0 
7fbf00021000-7fbf04000000 ---p 00000000 00:00 0 
7fbf04000000-7fbf04021000 rw-p 00000000 00:00 0 
7fbf04021000-7fbf08000000 ---p 00000000 00:00 0 
7fbf08000000-7fbf08021000 rw-p 00000000 00:00 0 
7fbf08021000-7fbf0c000000 ---p 00000000 00:00 0 
7fbf0c000000-7fbf0c021000 rw-p 00000000 00:00 0 
7fbf0c021000-7fbf10000000 ---p 00000000 00:00 0 
7fbf10000000-7fbf10021000 rw-p 00000000 00:00 0 
7fbf10021000-7fbf14000000 ---p 00000000 00:00 0 
7fbf14000000-7fbf14021000 rw-p 00000000 00:00 0 
7fbf14021000-7fbf18000000 ---p 00000000 00:00 0 
7fbf18000000-7fbf18021000 rw-p 00000000 00:00 0 
7fbf18021000-7fbf1c000000 ---p 00000000 00:00 0 
7fbf1f349000-7fbf1f34c000 ---p 00000000 00:00 0 
7fbf1f34c000-7fbf1f44a000 rw-p 00000000 00:00 0 
7fbf1f44a000-7fbf1f44d000 ---p 00000000 00:00 0 
7fbf1f44d000-7fbf1f54b000 rw-p 00000000 00:00 0 
7fbf1f54b000-7fbf1f54e000 ---p 00000000 00:00 0 
7fbf1f54e000-7fbf1f584000 rw-p 00000000 00:00 0 
7fbf1f584000-7fbf1f587000 ---p 00000000 00:00 0 
7fbf1f587000-7fbf1f685000 rw-p 00000000 00:00 0 
7fbf1f685000-7fbf1f688000 ---p 00000000 00:00 0 
7fbf1f688000-7fbf1f786000 rw-p 00000000 00:00 0 
7fbf1f786000-7fbf1f789000 ---p 00000000 00:00 0 
7fbf1f789000-7fbf1f887000 rw-p 00000000 00:00 0 
7fbf1f887000-7fbf1f88a000 ---p 00000000 00:00 0 
7fbf1f88a000-7fbf1f988000 rw-p 00000000 00:00 0 
7fbf1f988000-7fbf1f98b000 ---p 00000000 00:00 0 
7fbf1f98b000-7fbf1fa89000 rw-p 00000000 00:00 0 
7fbf1fa89000-7fbf1fa8c000 ---p 00000000 00:00 0 
7fbf1fa8c000-7fbf1fb8a000 rw-p 00000000 00:00 0 
7fbf1fb8a000-7fbf1fb8d000 ---p 00000000 00:00 0 
7fbf1fb8d000-7fbf1fbc3000 rw-p 00000000 00:00 0                          [stack:10351]
7fbf1fbc3000-7fbf1fbc6000 ---p 00000000 00:00 0 
7fbf1fbc6000-7fbf1fbfc000 rw-p 00000000 00:00 0 
7fbf1fbfc000-7fbf1fbff000 ---p 00000000 00:00 0 
7fbf1fbff000-7fbf1fcfd000 rw-p 00000000 00:00 0 
7fbf1fcfd000-7fbf1fd00000 ---p 00000000 00:00 0 
7fbf1fd00000-7fbf1fdfe000 rw-p 00000000 00:00 0 
7fbf1fdfe000-7fbf1fe01000 ---p 00000000 00:00 0 
7fbf1fe01000-7fbf1feff000 rw-p 00000000 00:00 0 
7fbf1feff000-7fbf1ff02000 ---p 00000000 00:00 0 
7fbf1ff02000-7fbf20000000 rw-p 00000000 00:00 0 
7fbf20000000-7fbf20021000 rw-p 00000000 00:00 0 
7fbf20021000-7fbf24000000 ---p 00000000 00:00 0 
7fbf24000000-7fbf24021000 rw-p 00000000 00:00 0 
7fbf24021000-7fbf28000000 ---p 00000000 00:00 0 
7fbf28000000-7fbf29bdc000 rw-p 00000000 00:00 0 
7fbf29bdc000-7fbf2c000000 ---p 00000000 00:00 0 
7fbf2c000000-7fbf2c021000 rw-p 00000000 00:00 0 
7fbf2c021000-7fbf30000000 ---p 00000000 00:00 0 
7fbf30000000-7fbf30021000 rw-p 00000000 00:00 0 
7fbf30021000-7fbf34000000 ---p 00000000 00:00 0 
7fbf34000000-7fbf34036000 rw-p 00000000 00:00 0 
7fbf34036000-7fbf38000000 ---p 00000000 00:00 0 
7fbf38000000-7fbf39b25000 rw-p 00000000 00:00 0 
7fbf39b25000-7fbf3c000000 ---p 00000000 00:00 0 
7fbf3c000000-7fbf3c021000 rw-p 00000000 00:00 0 
7fbf3c021000-7fbf40000000 ---p 00000000 00:00 0 
7fbf40000000-7fbf40021000 rw-p 00000000 00:00 0 
7fbf40021000-7fbf44000000 ---p 00000000 00:00 0 
7fbf44000000-7fbf45afb000 rw-p 00000000 00:00 0 
7fbf45afb000-7fbf48000000 ---p 00000000 00:00 0 
7fbf48000000-7fbf48021000 rw-p 00000000 00:00 0 
7fbf48021000-7fbf4c000000 ---p 00000000 00:00 0 
7fbf4c000000-7fbf4c021000 rw-p 00000000 00:00 0 
7fbf4c021000-7fbf50000000 ---p 00000000 00:00 0 
7fbf50000000-7fbf5003d000 rw-p 00000000 00:00 0 
7fbf5003d000-7fbf54000000 ---p 00000000 00:00 0 
7fbf54000000-7fbf5424e000 rw-p 00000000 00:00 0 
7fbf5424e000-7fbf58000000 ---p 00000000 00:00 0 
7fbf58000000-7fbf5803f000 rw-p 00000000 00:00 0 
7fbf5803f000-7fbf5c000000 ---p 00000000 00:00 0 
7fbf5c000000-7fbf5c035000 rw-p 00000000 00:00 0 
7fbf5c035000-7fbf60000000 ---p 00000000 00:00 0 
7fbf60000000-7fbf60021000 rw-p 00000000 00:00 0 
7fbf60021000-7fbf64000000 ---p 00000000 00:00 0 
7fbf6400b000-7fbf6400c000 rw-p 00000000 00:00 0 
7fbf6400c000-7fbf6400e000 r--s 0000d000 08:05 680014                     /home/luckcfm/.gradle/caches/modules-2/files-2.1/commons-codec/commons-codec/1.4/4216af16d38465bbab0f3dff8efa14204f7a399a/commons-codec-1.4.jar
7fbf6400e000-7fbf64010000 r--s 0000d000 08:05 680012                     /home/luckcfm/.gradle/caches/modules-2/files-2.1/commons-logging/commons-logging/1.1.1/5043bfebc3db072ed80fbd362e7caf00e885d8ae/commons-logging-1.1.1.jar
7fbf64010000-7fbf64015000 r--s 00028000 08:05 680010                     /home/luckcfm/.gradle/caches/modules-2/files-2.1/org.apache.httpcomponents/httpcore/4.1/33fc26c02f8043ab0ede19eadc8c9885386b255c/httpcore-4.1.jar
7fbf64015000-7fbf64017000 r--s 00004000 08:05 680008                     /home/luckcfm/.gradle/caches/modules-2/files-2.1/org.ow2.asm/asm-tree/4.0/67bd266cd17adcee486b76952ece4cc85fe248b8/asm-tree-4.0.jar
7fbf64017000-7fbf64020000 r--s 000a7000 08:05 680006                     /home/luckcfm/.gradle/caches/modules-2/files-2.1/com.android.tools.external.lombok/lombok-ast/0.2.2/57e560b535ceaa14fb6f15422d74594acd6c5b64/lombok-ast-0.2.2.jar
7fbf64020000-7fbf64022000 r--s 0000a000 08:05 680004                     /home/luckcfm/.gradle/caches/modules-2/files-2.1/org.ow2.asm/asm/4.0/659add6efc75a4715d738e73f07505246edf4d66/asm-4.0.jar
7fbf64022000-7fbf64055000 r--s 00203000 08:05 680002                     /home/luckcfm/.gradle/caches/modules-2/files-2.1/org.bouncycastle/bcprov-jdk15on/1.48/960dea7c9181ba0b17e8bab0c06a43f0a5f04e65/bcprov-jdk15on-1.48.jar
7fbf64055000-7fbf6407f000 r--s 001e9000 08:05 680000                     /home/luckcfm/.gradle/caches/modules-2/files-2.1/com.google.guava/guava/15.0/ed727a8d9f247e2050281cb083f1c77b09dcb5cd/guava-15.0.jar
7fbf6407f000-7fbf64086000 r--s 00053000 08:05 679998                     /home/luckcfm/.gradle/caches/modules-2/files-2.1/org.apache.commons/commons-compress/1.8.1/a698750c16740fd5b3871425f4cb3bbaa87f529d/commons-compress-1.8.1.jar
7fbf64086000-7fbf64087000 r--s 00005000 08:05 679996                     /home/luckcfm/.gradle/caches/modules-2/files-2.1/com.android.tools/dvlib/23.0.2/e37720cb9d7e2775a4b8b22b12bbb4bb9187c8bf/dvlib-23.0.2.jar
7fbf64087000-7fbf64089000 r--s 00005000 08:05 679994                     /home/luckcfm/.gradle/caches/modules-2/files-2.1/org.apache.httpcomponents/httpmime/4.1/9ba2dcdf94ce35c8a8e9bff242db0618ca932e92/httpmime-4.1.jar
7fbf64089000-7fbf6408c000 r--s 00010000 08:05 679992                     /home/luckcfm/.gradle/caches/modules-2/files-2.1/com.android.tools.layoutlib/layoutlib-api/23.0.2/d97fb910dafd7b29bdff95296dcd2649fadef02e/layoutlib-api-23.0.2.jar
7fbf6408c000-7fbf64094000 r--s 0004e000 08:05 679990                     /home/luckcfm/.gradle/caches/modules-2/files-2.1/org.apache.httpcomponents/httpclient/4.1.1/3d1d918f32709e33ba7ddb2c4e8d1c543ebe713e/httpclient-4.1.1.jar
7fbf64094000-7fbf64095000 r--s 0000a000 08:05 679988                     /home/luckcfm/.gradle/caches/modules-2/files-2.1/net.sf.kxml/kxml2/2.3.0/ccbc77a5fd907ef863c29f3596c6f54ffa4e9442/kxml2-2.3.0.jar
7fbf64095000-7fbf64096000 r--s 00004000 08:05 679986                     /home/luckcfm/.gradle/caches/modules-2/files-2.1/org.ow2.asm/asm-analysis/4.0/1c45d52b6f6c638db13cf3ac12adeb56b254cdd7/asm-analysis-4.0.jar
7fbf64096000-7fbf64099000 r--s 00027000 08:05 679984                     /home/luckcfm/.gradle/caches/modules-2/files-2.1/com.android.tools.lint/lint-api/23.0.2/9660c0f32f9308dd2ac998f4928cebcd4095b27/lint-api-23.0.2.jar
7fbf64099000-7fbf640a7000 r--s 00081000 08:05 679982                     /home/luckcfm/.gradle/caches/modules-2/files-2.1/org.bouncycastle/bcpkix-jdk15on/1.48/28b7614b908a47844bb27e3c94b45b6893656265/bcpkix-jdk15on-1.48.jar
7fbf640a7000-7fbf640a9000 r--s 00002000 08:05 679980                     /home/luckcfm/.gradle/caches/modules-2/files-2.1/com.squareup/javawriter/2.5.0/81241ff7078ef14f42ea2a8995fa09c096256e6b/javawriter-2.5.0.jar
7fbf640a9000-7fbf640aa000 r--s 00000000 08:05 679978                     /home/luckcfm/.gradle/caches/modules-2/files-2.1/com.android.tools.build/builder-test-api/0.12.2/a7f31faaee3de23ba810c109abc1658715f4416d/builder-test-api-0.12.2.jar
7fbf640aa000-7fbf640ad000 r--s 00012000 08:05 679976                     /home/luckcfm/.gradle/caches/modules-2/files-2.1/com.android.tools/common/23.0.2/4d5ff345915e0af52765039b75adce89fae798af/common-23.0.2.jar
7fbf640ad000-7fbf640b7000 r--s 000a4000 08:05 679974                     /home/luckcfm/.gradle/caches/modules-2/files-2.1/com.android.tools/sdklib/23.0.2/74dc50f859e787a548641d613a04ce2a7cf48bee/sdklib-23.0.2.jar
7fbf640b7000-7fbf640ba000 r--s 00028000 08:05 679972                     /home/luckcfm/.gradle/caches/modules-2/files-2.1/com.android.tools.build/manifest-merger/23.0.2/93c8f86db4a5ad8e8f034c672b85594326268a9c/manifest-merger-23.0.2.jar
7fbf640ba000-7fbf640bf000 r--s 0003d000 08:05 679970                     /home/luckcfm/.gradle/caches/modules-2/files-2.1/com.android.tools.ddms/ddmlib/23.0.2/3e454a33c6790eb497c725f346cd2b80cb67ff6d/ddmlib-23.0.2.jar
7fbf640bf000-7fbf640c1000 r--s 00003000 08:05 679968                     /home/luckcfm/.gradle/caches/modules-2/files-2.1/com.android.tools.build/builder-model/0.12.2/ea4eff69bb86efd0e6b2055ba0b3314779033be6/builder-model-0.12.2.jar
7fbf640c1000-7fbf640c6000 r--s 00044000 08:05 679966                     /home/luckcfm/.gradle/caches/modules-2/files-2.1/com.android.tools/sdk-common/23.0.2/ec49e38e6c2ae9d7003f7836fe865b39aeba77fe/sdk-common-23.0.2.jar
7fbf640c6000-7fbf640cc000 r--s 00087000 08:05 679964                     /home/luckcfm/.gradle/caches/modules-2/files-2.1/com.android.tools.lint/lint-checks/23.0.2/e6fe7bac82c4845d3e69e0dd54b1801a91568ffd/lint-checks-23.0.2.jar
7fbf640cc000-7fbf640db000 r--s 001a9000 08:05 679962                     /home/luckcfm/.gradle/caches/modules-2/files-2.1/org.eclipse.jdt.core.compiler/ecj/4.2.2/d9fd79499c664bccaf24dbe04be417de6c6af64a/ecj-4.2.2.jar
7fbf640db000-7fbf640eb000 r--s 000c5000 08:05 679960                     /home/luckcfm/.gradle/caches/modules-2/files-2.1/net.sf.proguard/proguard-base/4.11/76730af417bb42da22b16e49f49e67863382b9bd/proguard-base-4.11.jar
7fbf640eb000-7fbf640f8000 r--s 0010b000 08:05 679952                     /home/luckcfm/.gradle/caches/modules-2/files-2.1/com.android.tools.build/gradle/0.12.2/786baefe9fc55777558acbba1bc1d9c6ec0925a8/gradle-0.12.2.jar
7fbf640f8000-7fbf64102000 r--s 00251000 08:06 1230047                    /usr/lib/jvm/java-7-oracle/jre/lib/resources.jar
7fbf64102000-7fbf64105000 ---p 00000000 00:00 0 
7fbf64105000-7fbf64203000 rw-p 00000000 00:00 0                          [stack:8897]
7fbf64203000-7fbf64206000 ---p 00000000 00:00 0 
7fbf64206000-7fbf6423c000 rw-p 00000000 00:00 0 
7fbf6423c000-7fbf642f6000 r--s 00fb5000 08:05 518208                     /home/luckcfm/Downloads/android-studio/lib/openapi.jar
7fbf642f6000-7fbf6431e000 r--s 001cf000 08:05 525651                     /home/luckcfm/Downloads/android-studio/plugins/gradle/lib/guava-jdk5-17.0.jar
7fbf6431e000-7fbf64389000 r--s 00e22000 08:06 1270919                    /usr/lib/jvm/java-7-oracle/lib/tools.jar
7fbf64389000-7fbf6438c000 ---p 00000000 00:00 0 
7fbf6438c000-7fbf6448a000 rw-p 00000000 00:00 0                          [stack:10440]
7fbf6448a000-7fbf6448d000 ---p 00000000 00:00 0 
7fbf6448d000-7fbf6458b000 rw-p 00000000 00:00 0                          [stack:10437]
7fbf6458b000-7fbf6458e000 ---p 00000000 00:00 0 
7fbf6458e000-7fbf6468c000 rw-p 00000000 00:00 0                          [stack:10250]
7fbf6468c000-7fbf6468f000 ---p 00000000 00:00 0 
7fbf6468f000-7fbf6478d000 rw-p 00000000 00:00 0                          [stack:8870]
7fbf6478d000-7fbf647a3000 r-xp 00000000 08:06 305320                     /lib/x86_64-linux-gnu/libgcc_s.so.1
7fbf647a3000-7fbf649a2000 ---p 00016000 08:06 305320                     /lib/x86_64-linux-gnu/libgcc_s.so.1
7fbf649a2000-7fbf649a3000 rw-p 00015000 08:06 305320                     /lib/x86_64-linux-gnu/libgcc_s.so.1
7fbf649a3000-7fbf64a89000 r-xp 00000000 08:06 993456                     /usr/lib/x86_64-linux-gnu/libstdc++.so.6.0.19
7fbf64a89000-7fbf64c88000 ---p 000e6000 08:06 993456                     /usr/lib/x86_64-linux-gnu/libstdc++.so.6.0.19
7fbf64c88000-7fbf64c90000 r--p 000e5000 08:06 993456                     /usr/lib/x86_64-linux-gnu/libstdc++.so.6.0.19
7fbf64c90000-7fbf64c92000 rw-p 000ed000 08:06 993456                     /usr/lib/x86_64-linux-gnu/libstdc++.so.6.0.19
7fbf64c92000-7fbf64ca7000 rw-p 00000000 00:00 0 
7fbf64ca7000-7fbf64caa000 r--s 0002a000 08:05 679958                     /home/luckcfm/.gradle/caches/modules-2/files-2.1/com.android.tools.build/builder/0.12.2/3673e1c415b054caccc3231dcdff959cfcb315f6/builder-0.12.2.jar
7fbf64caa000-7fbf64cac000 r--s 00016000 08:05 679956                     /home/luckcfm/.gradle/caches/modules-2/files-2.1/com.android.tools.lint/lint/23.0.2/e247d675952dd9f24f6b064bac3d7d1639d0043e/lint-23.0.2.jar
7fbf64cac000-7fbf64cad000 r--s 00002000 08:05 679954                     /home/luckcfm/.gradle/caches/modules-2/files-2.1/net.sf.proguard/proguard-gradle/4.11/da875d4b67a8be6c770b11d894434843714ac69d/proguard-gradle-4.11.jar
7fbf64cad000-7fbf64caf000 r--s 0001d000 08:05 524371                     /home/luckcfm/Downloads/android-studio/plugins/gradle/lib/gradle-tooling-extension-impl.jar
7fbf64caf000-7fbf64cb0000 r--p 00000000 00:00 0 
7fbf64cb0000-7fbf64cb1000 r--s 00000000 08:05 524410                     /home/luckcfm/Downloads/android-studio/plugins/google-cloud-tools/lib/gradle-appengine-builder-model-0.1.0.jar
7fbf64cb1000-7fbf64cb3000 r--s 00003000 08:05 525423                     /home/luckcfm/Downloads/android-studio/plugins/android/lib/builder-model-0.12.0.jar
7fbf64cb3000-7fbf64cb5000 r--s 00005000 08:05 524366                     /home/luckcfm/Downloads/android-studio/plugins/gradle/lib/gradle-tooling-extension-api.jar
7fbf64cb5000-7fbf64cbb000 r--s 00025000 08:05 524362                     /home/luckcfm/Downloads/android-studio/plugins/gradle/lib/gradle-base-services-2.0.jar
7fbf64cbb000-7fbf64cc3000 r--s 00027000 08:05 524360                     /home/luckcfm/Downloads/android-studio/plugins/gradle/lib/gradle-tooling-api-2.0.jar
7fbf64cc3000-7fbf64cc7000 r-xp 00000000 08:06 973011                     /tmp/native-platform326480914458115302dir/libnative-platform.so
7fbf64cc7000-7fbf64ec6000 ---p 00004000 08:06 973011                     /tmp/native-platform326480914458115302dir/libnative-platform.so
7fbf64ec6000-7fbf64ec7000 rw-p 00003000 08:06 973011                     /tmp/native-platform326480914458115302dir/libnative-platform.so
7fbf64ec7000-7fbf64ecb000 r--s 0008a000 08:06 1230026                    /usr/lib/jvm/java-7-oracle/jre/lib/jsse.jar
7fbf64ecb000-7fbf64ecd000 r--s 00003000 08:05 624462                     /home/luckcfm/.gradle/wrapper/dists/gradle-1.12-all/2apkk7d25miauqf1pdjp1bm0uo/gradle-1.12/lib/plugins/gradle-language-base-1.12.jar
7fbf64ecd000-7fbf64ece000 r--s 00004000 08:05 624461                     /home/luckcfm/.gradle/wrapper/dists/gradle-1.12-all/2apkk7d25miauqf1pdjp1bm0uo/gradle-1.12/lib/plugins/gradle-language-jvm-1.12.jar
7fbf64ece000-7fbf64ed3000 r--s 00029000 08:05 624460                     /home/luckcfm/.gradle/wrapper/dists/gradle-1.12-all/2apkk7d25miauqf1pdjp1bm0uo/gradle-1.12/lib/plugins/gradle-build-init-1.12.jar
7fbf64ed3000-7fbf64ed6000 r--s 0001f000 08:05 624459                     /home/luckcfm/.gradle/wrapper/dists/gradle-1.12-all/2apkk7d25miauqf1pdjp1bm0uo/gradle-1.12/lib/plugins/gradle-jacoco-1.12.jar
7fbf64ed6000-7fbf64ed9000 r--s 0000c000 08:05 624458                     /home/luckcfm/.gradle/wrapper/dists/gradle-1.12-all/2apkk7d25miauqf1pdjp1bm0uo/gradle-1.12/lib/plugins/gradle-ivy-1.12.jar
7fbf64ed9000-7fbf64edb000 r--s 00002000 08:05 624457                     /home/luckcfm/.gradle/wrapper/dists/gradle-1.12-all/2apkk7d25miauqf1pdjp1bm0uo/gradle-1.12/lib/plugins/gradle-publish-1.12.jar
7fbf64edb000-7fbf64edd000 r--s 00005000 08:05 624487                     /home/luckcfm/.gradle/wrapper/dists/gradle-1.12-all/2apkk7d25miauqf1pdjp1bm0uo/gradle-1.12/lib/plugins/jatl-0.2.2.jar
7fbf64edd000-7fbf64edf000 r--s 00007000 08:05 624456                     /home/luckcfm/.gradle/wrapper/dists/gradle-1.12-all/2apkk7d25miauqf1pdjp1bm0uo/gradle-1.12/lib/plugins/gradle-reporting-1.12.jar
7fbf64edf000-7fbf64ee4000 r--s 0003c000 08:05 624455                     /home/luckcfm/.gradle/wrapper/dists/gradle-1.12-all/2apkk7d25miauqf1pdjp1bm0uo/gradle-1.12/lib/plugins/gradle-diagnostics-1.12.jar
7fbf64ee4000-7fbf64eeb000 r--s 00094000 08:05 624454                     /home/luckcfm/.gradle/wrapper/dists/gradle-1.12-all/2apkk7d25miauqf1pdjp1bm0uo/gradle-1.12/lib/plugins/gradle-build-comparison-1.12.jar
7fbf64eeb000-7fbf64ef2000 r--s 00035000 08:05 624486                     /home/luckcfm/.gradle/wrapper/dists/gradle-1.12-all/2apkk7d25miauqf1pdjp1bm0uo/gradle-1.12/lib/plugins/simple-4.1.21.jar
7fbf64ef2000-7fbf64ef7000 r--s 0002a000 08:05 624485                     /home/luckcfm/.gradle/wrapper/dists/gradle-1.12-all/2apkk7d25miauqf1pdjp1bm0uo/gradle-1.12/lib/plugins/gson-2.2.4.jar
7fbf64ef7000-7fbf64f03000 r--s 00100000 08:05 624484                     /home/luckcfm/.gradle/wrapper/dists/gradle-1.12-all/2apkk7d25miauqf1pdjp1bm0uo/gradle-1.12/lib/plugins/rhino-1.7R3.jar
7fbf64f03000-7fbf64f08000 r--s 00021000 08:05 624453                     /home/luckcfm/.gradle/wrapper/dists/gradle-1.12-all/2apkk7d25miauqf1pdjp1bm0uo/gradle-1.12/lib/plugins/gradle-javascript-1.12.jar
7fbf64f08000-7fbf64f0a000 r--s 0000f000 08:05 624452                     /home/luckcfm/.gradle/wrapper/dists/gradle-1.12-all/2apkk7d25miauqf1pdjp1bm0uo/gradle-1.12/lib/plugins/gradle-ear-1.12.jar
7fbf64f0a000-7fbf64f20000 r--s 000de000 08:05 624451                     /home/luckcfm/.gradle/wrapper/dists/gradle-1.12-all/2apkk7d25miauqf1pdjp1bm0uo/gradle-1.12/lib/plugins/gradle-cpp-1.12.jar
7fbf64f20000-7fbf64f48000 r--s 00194000 08:05 624496                     /home/luckcfm/.gradle/wrapper/dists/gradle-1.12-all/2apkk7d25miauqf1pdjp1bm0uo/gradle-1.12/lib/plugins/bcprov-jdk15-1.46.jar
7fbf64f48000-7fbf64f4c000 r--s 00025000 08:05 624483                     /home/luckcfm/.gradle/wrapper/dists/gradle-1.12-all/2apkk7d25miauqf1pdjp1bm0uo/gradle-1.12/lib/plugins/bcpg-jdk15-1.46.jar
7fbf64f4c000-7fbf64f4f000 r--s 00021000 08:05 624450                     /home/luckcfm/.gradle/wrapper/dists/gradle-1.12-all/2apkk7d25miauqf1pdjp1bm0uo/gradle-1.12/lib/plugins/gradle-signing-1.12.jar
7fbf64f4f000-7fbf64f50000 r--s 00002000 08:05 624482                     /home/luckcfm/.gradle/wrapper/dists/gradle-1.12-all/2apkk7d25miauqf1pdjp1bm0uo/gradle-1.12/lib/plugins/sonar-batch-bootstrapper-2.9.jar
7fbf64f50000-7fbf64f51000 r--s 00007000 08:05 624481                     /home/luckcfm/.gradle/wrapper/dists/gradle-1.12-all/2apkk7d25miauqf1pdjp1bm0uo/gradle-1.12/lib/plugins/sonar-runner-2.0.jar
7fbf64f51000-7fbf64f54000 r--s 00022000 08:05 624449                     /home/luckcfm/.gradle/wrapper/dists/gradle-1.12-all/2apkk7d25miauqf1pdjp1bm0uo/gradle-1.12/lib/plugins/gradle-sonar-1.12.jar
7fbf64f54000-7fbf64f57000 r--s 0001c000 08:05 624448                     /home/luckcfm/.gradle/wrapper/dists/gradle-1.12-all/2apkk7d25miauqf1pdjp1bm0uo/gradle-1.12/lib/plugins/gradle-scala-1.12.jar
7fbf64f57000-7fbf64f59000 r--s 0000f000 08:05 624447                     /home/luckcfm/.gradle/wrapper/dists/gradle-1.12-all/2apkk7d25miauqf1pdjp1bm0uo/gradle-1.12/lib/plugins/gradle-announce-1.12.jar
7fbf64f59000-7fbf64f66000 r--s 000cf000 08:05 624446                     /home/luckcfm/.gradle/wrapper/dists/gradle-1.12-all/2apkk7d25miauqf1pdjp1bm0uo/gradle-1.12/lib/plugins/gradle-ide-1.12.jar
7fbf64f66000-7fbf64f68000 r--s 00000000 08:05 624480                     /home/luckcfm/.gradle/wrapper/dists/gradle-1.12-all/2apkk7d25miauqf1pdjp1bm0uo/gradle-1.12/lib/plugins/plexus-component-annotations-1.5.2.jar
7fbf64f68000-7fbf64f6b000 r--s 0000c000 08:05 624479                     /home/luckcfm/.gradle/wrapper/dists/gradle-1.12-all/2apkk7d25miauqf1pdjp1bm0uo/gradle-1.12/lib/plugins/pmaven-groovy-0.8-20100325.jar
7fbf64f6b000-7fbf64f6c000 r--s 00004000 08:05 624478                     /home/luckcfm/.gradle/wrapper/dists/gradle-1.12-all/2apkk7d25miauqf1pdjp1bm0uo/gradle-1.12/lib/plugins/pmaven-common-0.8-20100325.jar
7fbf64f6c000-7fbf64f71000 r--s 0001d000 08:05 624445                     /home/luckcfm/.gradle/wrapper/dists/gradle-1.12-all/2apkk7d25miauqf1pdjp1bm0uo/gradle-1.12/lib/plugins/gradle-maven-1.12.jar
7fbf64f71000-7fbf64f89000 r--s 0013b000 08:05 624476                     /home/luckcfm/.gradle/wrapper/dists/gradle-1.12-all/2apkk7d25miauqf1pdjp1bm0uo/gradle-1.12/lib/plugins/bndlib-2.1.0.jar
7fbf64f89000-7fbf64f8a000 r--s 00005000 08:05 624444                     /home/luckcfm/.gradle/wrapper/dists/gradle-1.12-all/2apkk7d25miauqf1pdjp1bm0uo/gradle-1.12/lib/plugins/gradle-osgi-1.12.jar
7fbf64f8a000-7fbf64f8f000 r--s 00068000 08:05 624475                     /home/luckcfm/.gradle/wrapper/dists/gradle-1.12-all/2apkk7d25miauqf1pdjp1bm0uo/gradle-1.12/lib/plugins/antlr-2.7.7.jar
7fbf64f8f000-7fbf64f90000 r--s 00002000 08:05 624474                     /home/luckcfm/.gradle/wrapper/dists/gradle-1.12-all/2apkk7d25miauqf1pdjp1bm0uo/gradle-1.12/lib/plugins/ant-antlr-1.9.3.jar
7fbf64f90000-7fbf64f92000 r--s 00004000 08:05 624443                     /home/luckcfm/.gradle/wrapper/dists/gradle-1.12-all/2apkk7d25miauqf1pdjp1bm0uo/gradle-1.12/lib/plugins/gradle-antlr-1.12.jar
7fbf64f92000-7fbf64f95000 r--s 0001e000 08:05 624495                     /home/luckcfm/.gradle/wrapper/dists/gradle-1.12-all/2apkk7d25miauqf1pdjp1bm0uo/gradle-1.12/lib/plugins/jsp-api-2.1-6.1.14.jar
7fbf64f95000-7fbf64fb8000 r--s 00344000 08:05 624494                     /home/luckcfm/.gradle/wrapper/dists/gradle-1.12-all/2apkk7d25miauqf1pdjp1bm0uo/gradle-1.12/lib/plugins/core-3.1.1.jar
7fbf64fb8000-7fbf64fb9000 r--s 00006000 08:05 624493                     /home/luckcfm/.gradle/wrapper/dists/gradle-1.12-all/2apkk7d25miauqf1pdjp1bm0uo/gradle-1.12/lib/plugins/jetty-naming-6.1.25.jar
7fbf64fb9000-7fbf64fba000 r--s 00002000 08:05 624473                     /home/luckcfm/.gradle/wrapper/dists/gradle-1.12-all/2apkk7d25miauqf1pdjp1bm0uo/gradle-1.12/lib/plugins/geronimo-annotation_1.0_spec-1.0.jar
7fbf64fba000-7fbf64fbc000 r--s 00002000 08:05 624472                     /home/luckcfm/.gradle/wrapper/dists/gradle-1.12-all/2apkk7d25miauqf1pdjp1bm0uo/gradle-1.12/lib/plugins/jetty-annotations-6.1.25.jar
7fbf64fbc000-7fbf64fcd000 r--s 000ea000 08:05 624471                     /home/luckcfm/.gradle/wrapper/dists/gradle-1.12-all/2apkk7d25miauqf1pdjp1bm0uo/gradle-1.12/lib/plugins/jsp-2.1-6.1.14.jar
7fbf64fcd000-7fbf64fcf000 r--s 0000d000 08:05 624470                     /home/luckcfm/.gradle/wrapper/dists/gradle-1.12-all/2apkk7d25miauqf1pdjp1bm0uo/gradle-1.12/lib/plugins/jetty-plus-6.1.25.jar
7fbf64fcf000-7fbf64fd1000 r--s 0001f000 08:05 624469                     /home/luckcfm/.gradle/wrapper/dists/gradle-1.12-all/2apkk7d25miauqf1pdjp1bm0uo/gradle-1.12/lib/plugins/servlet-api-2.5-20081211.jar
7fbf64fd1000-7fbf64fd5000 r--s 00028000 08:05 624468                     /home/luckcfm/.gradle/wrapper/dists/gradle-1.12-all/2apkk7d25miauqf1pdjp1bm0uo/gradle-1.12/lib/plugins/jetty-util-6.1.25.jar
7fbf64fd5000-7fbf64fdc000 r--s 0007d000 08:05 624467                     /home/luckcfm/.gradle/wrapper/dists/gradle-1.12-all/2apkk7d25miauqf1pdjp1bm0uo/gradle-1.12/lib/plugins/jetty-6.1.25.jar
7fbf64fdc000-7fbf64fde000 r--s 00009000 08:05 624442                     /home/luckcfm/.gradle/wrapper/dists/gradle-1.12-all/2apkk7d25miauqf1pdjp1bm0uo/gradle-1.12/lib/plugins/gradle-jetty-1.12.jar
7fbf64fde000-7fbf64fe4000 r--s 0004c000 08:05 624441                     /home/luckcfm/.gradle/wrapper/dists/gradle-1.12-all/2apkk7d25miauqf1pdjp1bm0uo/gradle-1.12/lib/plugins/gradle-code-quality-1.12.jar
7fbf64fe4000-7fbf64fe6000 r--s 00009000 08:05 624499                     /home/luckcfm/.gradle/wrapper/dists/gradle-1.12-all/2apkk7d25miauqf1pdjp1bm0uo/gradle-1.12/lib/plugins/hamcrest-core-1.3.jar
7fbf64fe6000-7fbf64fec000 r--s 00033000 08:05 624492                     /home/luckcfm/.gradle/wrapper/dists/gradle-1.12-all/2apkk7d25miauqf1pdjp1bm0uo/gradle-1.12/lib/plugins/snakeyaml-1.6.jar
7fbf64fec000-7fbf64fee000 r--s 00006000 08:05 624491                     /home/luckcfm/.gradle/wrapper/dists/gradle-1.12-all/2apkk7d25miauqf1pdjp1bm0uo/gradle-1.12/lib/plugins/jcommander-1.12.jar
7fbf64fee000-7fbf64ff3000 r--s 00040000 08:05 624490                     /home/luckcfm/.gradle/wrapper/dists/gradle-1.12-all/2apkk7d25miauqf1pdjp1bm0uo/gradle-1.12/lib/plugins/bsh-2.0b4.jar
7fbf64ff3000-7fbf64ff5000 r--s 00009000 08:05 624466                     /home/luckcfm/.gradle/wrapper/dists/gradle-1.12-all/2apkk7d25miauqf1pdjp1bm0uo/gradle-1.12/lib/plugins/commons-cli-1.2.jar
7fbf64ff5000-7fbf64ffe000 r--s 00089000 08:05 624465                     /home/luckcfm/.gradle/wrapper/dists/gradle-1.12-all/2apkk7d25miauqf1pdjp1bm0uo/gradle-1.12/lib/plugins/testng-6.3.1.jar
7fbf64ffe000-7fbf65004000 r--s 00036000 08:05 624464                     /home/luckcfm/.gradle/wrapper/dists/gradle-1.12-all/2apkk7d25miauqf1pdjp1bm0uo/gradle-1.12/lib/plugins/junit-4.11.jar
7fbf65004000-7fbf65016000 r--s 000b4000 08:05 624440                     /home/luckcfm/.gradle/wrapper/dists/gradle-1.12-all/2apkk7d25miauqf1pdjp1bm0uo/gradle-1.12/lib/plugins/gradle-plugins-1.12.jar
7fbf65016000-7fbf6502e000 r--s 00115000 08:05 624497                     /home/luckcfm/.gradle/wrapper/dists/gradle-1.12-all/2apkk7d25miauqf1pdjp1bm0uo/gradle-1.12/lib/plugins/xercesImpl-2.9.1.jar
7fbf6502e000-7fbf65036000 r--s 00028000 08:05 624498                     /home/luckcfm/.gradle/wrapper/dists/gradle-1.12-all/2apkk7d25miauqf1pdjp1bm0uo/gradle-1.12/lib/plugins/xml-apis-1.3.04.jar
7fbf65036000-7fbf6503a000 r--s 0001d000 08:05 624489                     /home/luckcfm/.gradle/wrapper/dists/gradle-1.12-all/2apkk7d25miauqf1pdjp1bm0uo/gradle-1.12/lib/plugins/xbean-reflect-3.4.jar
7fbf6503a000-7fbf6503d000 r--s 0001c000 08:05 624488                     /home/luckcfm/.gradle/wrapper/dists/gradle-1.12-all/2apkk7d25miauqf1pdjp1bm0uo/gradle-1.12/lib/plugins/nekohtml-1.9.14.jar
7fbf6503d000-7fbf65056000 r--s 00129000 08:05 624477                     /home/luckcfm/.gradle/wrapper/dists/gradle-1.12-all/2apkk7d25miauqf1pdjp1bm0uo/gradle-1.12/lib/plugins/maven-ant-tasks-2.1.3.jar
7fbf65056000-7fbf6505a000 r--s 0001e000 08:05 624439                     /home/luckcfm/.gradle/wrapper/dists/gradle-1.12-all/2apkk7d25miauqf1pdjp1bm0uo/gradle-1.12/lib/plugins/jarjar-aether-impl-1.13.1.jar
7fbf6505a000-7fbf6505d000 r--s 00027000 08:05 624438                     /home/luckcfm/.gradle/wrapper/dists/gradle-1.12-all/2apkk7d25miauqf1pdjp1bm0uo/gradle-1.12/lib/plugins/jarjar-maven-model-3.0.4.jar
7fbf6505d000-7fbf65060000 r--s 0000b000 08:05 624437                     /home/luckcfm/.gradle/wrapper/dists/gradle-1.12-all/2apkk7d25miauqf1pdjp1bm0uo/gradle-1.12/lib/plugins/jarjar-maven-artifact-3.0.4.jar
7fbf65060000-7fbf65064000 r--s 0001e000 08:05 624436                     /home/luckcfm/.gradle/wrapper/dists/gradle-1.12-all/2apkk7d25miauqf1pdjp1bm0uo/gradle-1.12/lib/plugins/jarjar-aether-util-1.13.1.jar
7fbf65064000-7fbf65066000 r--s 00007000 08:05 624435                     /home/luckcfm/.gradle/wrapper/dists/gradle-1.12-all/2apkk7d25miauqf1pdjp1bm0uo/gradle-1.12/lib/plugins/jarjar-wagon-http-shared4-2.4.jar
7fbf65066000-7fbf65073000 r--s 00083000 08:05 624434                     /home/luckcfm/.gradle/wrapper/dists/gradle-1.12-all/2apkk7d25miauqf1pdjp1bm0uo/gradle-1.12/lib/plugins/jarjar-maven-core-3.0.4.jar
7fbf65073000-7fbf65075000 r--s 00003000 08:05 624433                     /home/luckcfm/.gradle/wrapper/dists/gradle-1.12-all/2apkk7d25miauqf1pdjp1bm0uo/gradle-1.12/lib/plugins/jarjar-aether-spi-1.13.1.jar
7fbf65075000-7fbf65077000 r--s 00009000 08:05 624432                     /home/luckcfm/.gradle/wrapper/dists/gradle-1.12-all/2apkk7d25miauqf1pdjp1bm0uo/gradle-1.12/lib/plugins/jarjar-maven-settings-builder-3.0.4.jar
7fbf65077000-7fbf6507b000 r--s 00014000 08:05 624431                     /home/luckcfm/.gradle/wrapper/dists/gradle-1.12-all/2apkk7d25miauqf1pdjp1bm0uo/gradle-1.12/lib/plugins/jarjar-aether-api-1.13.1.jar
7fbf6507b000-7fbf6507c000 r--s 00002000 08:05 624430                     /home/luckcfm/.gradle/wrapper/dists/gradle-1.12-all/2apkk7d25miauqf1pdjp1bm0uo/gradle-1.12/lib/plugins/jarjar-wagon-http-2.4.jar
7fbf6507c000-7fbf65083000 r--s 00042000 08:05 624429                     /home/luckcfm/.gradle/wrapper/dists/gradle-1.12-all/2apkk7d25miauqf1pdjp1bm0uo/gradle-1.12/lib/plugins/jarjar-maven-compat-3.0.4.jar
7fbf65083000-7fbf65085000 r--s 00006000 08:05 624428                     /home/luckcfm/.gradle/wrapper/dists/gradle-1.12-all/2apkk7d25miauqf1pdjp1bm0uo/gradle-1.12/lib/plugins/jarjar-aether-connector-wagon-1.13.1.jar
7fbf65085000-7fbf65087000 r--s 00000000 08:05 624427                     /home/luckcfm/.gradle/wrapper/dists/gradle-1.12-all/2apkk7d25miauqf1pdjp1bm0uo/gradle-1.12/lib/plugins/jarjar-plexus-component-annotations-1.5.5.jar
7fbf65087000-7fbf65089000 r--s 00006000 08:05 624426                     /home/luckcfm/.gradle/wrapper/dists/gradle-1.12-all/2apkk7d25miauqf1pdjp1bm0uo/gradle-1.12/lib/plugins/jarjar-plexus-sec-dispatcher-1.3.jar
7fbf65089000-7fbf6508e000 r--s 00022000 08:05 624425                     /home/luckcfm/.gradle/wrapper/dists/gradle-1.12-all/2apkk7d25miauqf1pdjp1bm0uo/gradle-1.12/lib/plugins/jarjar-maven-model-builder-3.0.4.jar
7fbf6508e000-7fbf65090000 r--s 0000b000 08:05 624424                     /home/luckcfm/.gradle/wrapper/dists/gradle-1.12-all/2apkk7d25miauqf1pdjp1bm0uo/gradle-1.12/lib/plugins/jarjar-maven-plugin-api-3.0.4.jar
7fbf65090000-7fbf65093000 r--s 0000a000 08:05 624423                     /home/luckcfm/.gradle/wrapper/dists/gradle-1.12-all/2apkk7d25miauqf1pdjp1bm0uo/gradle-1.12/lib/plugins/jarjar-plexus-classworlds-2.4.jar
7fbf65093000-7fbf65097000 r--s 00035000 08:05 624422                     /home/luckcfm/.gradle/wrapper/dists/gradle-1.12-all/2apkk7d25miauqf1pdjp1bm0uo/gradle-1.12/lib/plugins/jarjar-plexus-utils-2.0.6.jar
7fbf65097000-7fbf65099000 r--s 0000e000 08:05 624421                     /home/luckcfm/.gradle/wrapper/dists/gradle-1.12-all/2apkk7d25miauqf1pdjp1bm0uo/gradle-1.12/lib/plugins/jarjar-plexus-interpolation-1.14.jar
7fbf65099000-7fbf6509b000 r--s 00002000 08:05 624420                     /home/luckcfm/.gradle/wrapper/dists/gradle-1.12-all/2apkk7d25miauqf1pdjp1bm0uo/gradle-1.12/lib/plugins/jarjar-plexus-cipher-1.7.jar
7fbf6509b000-7fbf6509d000 r--s 0000c000 08:05 624419                     /home/luckcfm/.gradle/wrapper/dists/gradle-1.12-all/2apkk7d25miauqf1pdjp1bm0uo/gradle-1.12/lib/plugins/jarjar-wagon-provider-api-2.4.jar
7fbf6509d000-7fbf6509f000 r--s 0000d000 08:05 624418                     /home/luckcfm/.gradle/wrapper/dists/gradle-1.12-all/2apkk7d25miauqf1pdjp1bm0uo/gradle-1.12/lib/plugins/jarjar-maven-aether-provider-3.0.4.jar
7fbf6509f000-7fbf650a7000 r--s 00031000 08:05 624417                     /home/luckcfm/.gradle/wrapper/dists/gradle-1.12-all/2apkk7d25miauqf1pdjp1bm0uo/gradle-1.12/lib/plugins/jarjar-plexus-container-default-1.5.5.jar
7fbf650a7000-7fbf650a8000 r--s 00007000 08:05 624416                     /home/luckcfm/.gradle/wrapper/dists/gradle-1.12-all/2apkk7d25miauqf1pdjp1bm0uo/gradle-1.12/lib/plugins/jarjar-maven-repository-metadata-3.0.4.jar
7fbf650a8000-7fbf650a9000 r--s 0000b000 08:05 624415                     /home/luckcfm/.gradle/wrapper/dists/gradle-1.12-all/2apkk7d25miauqf1pdjp1bm0uo/gradle-1.12/lib/plugins/jarjar-maven-settings-3.0.4.jar
7fbf650a9000-7fbf650c1000 r--s 000b2000 08:05 624463                     /home/luckcfm/.gradle/wrapper/dists/gradle-1.12-all/2apkk7d25miauqf1pdjp1bm0uo/gradle-1.12/lib/plugins/gradle-core-impl-1.12.jar
7fbf650c1000-7fbf650d1000 r-xp 00000000 08:06 1275633                    /usr/lib/jvm/java-7-oracle/jre/lib/amd64/libnio.so
7fbf650d1000-7fbf652d1000 ---p 00010000 08:06 1275633                    /usr/lib/jvm/java-7-oracle/jre/lib/amd64/libnio.so
7fbf652d1000-7fbf652d2000 rw-p 00010000 08:06 1275633                    /usr/lib/jvm/java-7-oracle/jre/lib/amd64/libnio.so
7fbf652d2000-7fbf652d9000 r--s 00000000 08:06 1026302                    /usr/lib/x86_64-linux-gnu/gconv/gconv-modules.cache
7fbf652d9000-7fbf652fb000 r--p 00000000 08:06 1270640                    /usr/share/locale-langpack/pt_BR/LC_MESSAGES/libc.mo
7fbf652fb000-7fbf6532c000 rw-p 00000000 00:00 0 
7fbf6532c000-7fbf65342000 r-xp 00000000 08:06 1275653                    /usr/lib/jvm/java-7-oracle/jre/lib/amd64/libnet.so
7fbf65342000-7fbf65542000 ---p 00016000 08:06 1275653                    /usr/lib/jvm/java-7-oracle/jre/lib/amd64/libnet.so
7fbf65542000-7fbf65543000 rw-p 00016000 08:06 1275653                    /usr/lib/jvm/java-7-oracle/jre/lib/amd64/libnet.so
7fbf65543000-7fbf65544000 r--s 00005000 08:05 624351                     /home/luckcfm/.gradle/wrapper/dists/gradle-1.12-all/2apkk7d25miauqf1pdjp1bm0uo/gradle-1.12/lib/gradle-wrapper-1.12.jar
7fbf65544000-7fbf6554c000 r--s 0002a000 08:05 624356                     /home/luckcfm/.gradle/wrapper/dists/gradle-1.12-all/2apkk7d25miauqf1pdjp1bm0uo/gradle-1.12/lib/gradle-tooling-api-1.12.jar
7fbf6554c000-7fbf6554e000 r--s 00005000 08:05 624381                     /home/luckcfm/.gradle/wrapper/dists/gradle-1.12-all/2apkk7d25miauqf1pdjp1bm0uo/gradle-1.12/lib/gradle-open-api-1.12.jar
7fbf6554e000-7fbf65554000 r--s 00032000 08:05 624383                     /home/luckcfm/.gradle/wrapper/dists/gradle-1.12-all/2apkk7d25miauqf1pdjp1bm0uo/gradle-1.12/lib/jaxen-1.1.jar
7fbf65554000-7fbf65559000 r--s 00048000 08:05 624382                     /home/luckcfm/.gradle/wrapper/dists/gradle-1.12-all/2apkk7d25miauqf1pdjp1bm0uo/gradle-1.12/lib/dom4j-1.6.1.jar
7fbf65559000-7fbf65564000 r--s 0005b000 08:05 624355                     /home/luckcfm/.gradle/wrapper/dists/gradle-1.12-all/2apkk7d25miauqf1pdjp1bm0uo/gradle-1.12/lib/gradle-ui-1.12.jar
7fbf65564000-7fbf65566000 r--s 00007000 08:05 624409                     /home/luckcfm/.gradle/wrapper/dists/gradle-1.12-all/2apkk7d25miauqf1pdjp1bm0uo/gradle-1.12/lib/objenesis-1.2.jar
7fbf65566000-7fbf65568000 r--s 00000000 08:05 624408                     /home/luckcfm/.gradle/wrapper/dists/gradle-1.12-all/2apkk7d25miauqf1pdjp1bm0uo/gradle-1.12/lib/minlog-1.2.jar
7fbf65568000-7fbf6556a000 r--s 0000f000 08:05 624407                     /home/luckcfm/.gradle/wrapper/dists/gradle-1.12-all/2apkk7d25miauqf1pdjp1bm0uo/gradle-1.12/lib/reflectasm-1.07-shaded.jar
7fbf6556a000-7fbf6556c000 r--s 0000a000 08:05 624413                     /home/luckcfm/.gradle/wrapper/dists/gradle-1.12-all/2apkk7d25miauqf1pdjp1bm0uo/gradle-1.12/lib/asm-4.0.jar
7fbf6556c000-7fbf65570000 r--s 00026000 08:05 624396                     /home/luckcfm/.gradle/wrapper/dists/gradle-1.12-all/2apkk7d25miauqf1pdjp1bm0uo/gradle-1.12/lib/kryo-2.20.jar
7fbf65570000-7fbf65578000 r--s 00037000 08:05 624377                     /home/luckcfm/.gradle/wrapper/dists/gradle-1.12-all/2apkk7d25miauqf1pdjp1bm0uo/gradle-1.12/lib/gradle-messaging-1.12.jar
7fbf65578000-7fbf65579000 r--s 00003000 08:05 624404                     /home/luckcfm/.gradle/wrapper/dists/gradle-1.12-all/2apkk7d25miauqf1pdjp1bm0uo/gradle-1.12/lib/native-platform-freebsd-amd64-0.10.jar
7fbf65579000-7fbf6557a000 r--s 00003000 08:05 624403                     /home/luckcfm/.gradle/wrapper/dists/gradle-1.12-all/2apkk7d25miauqf1pdjp1bm0uo/gradle-1.12/lib/native-platform-freebsd-i386-0.10.jar
7fbf6557a000-7fbf6557b000 r--s 00005000 08:05 624402                     /home/luckcfm/.gradle/wrapper/dists/gradle-1.12-all/2apkk7d25miauqf1pdjp1bm0uo/gradle-1.12/lib/native-platform-windows-i386-0.10.jar
7fbf6557b000-7fbf6557c000 r--s 00005000 08:05 624401                     /home/luckcfm/.gradle/wrapper/dists/gradle-1.12-all/2apkk7d25miauqf1pdjp1bm0uo/gradle-1.12/lib/native-platform-windows-amd64-0.10.jar
7fbf6557c000-7fbf6557d000 r--s 00003000 08:05 624400                     /home/luckcfm/.gradle/wrapper/dists/gradle-1.12-all/2apkk7d25miauqf1pdjp1bm0uo/gradle-1.12/lib/native-platform-linux-i386-0.10.jar
7fbf6557d000-7fbf6557e000 r--s 00003000 08:05 624399                     /home/luckcfm/.gradle/wrapper/dists/gradle-1.12-all/2apkk7d25miauqf1pdjp1bm0uo/gradle-1.12/lib/native-platform-linux-amd64-0.10.jar
7fbf6557e000-7fbf6557f000 r--s 00002000 08:05 624398                     /home/luckcfm/.gradle/wrapper/dists/gradle-1.12-all/2apkk7d25miauqf1pdjp1bm0uo/gradle-1.12/lib/native-platform-osx-amd64-0.10.jar
7fbf6557f000-7fbf65580000 r--s 00002000 08:05 624397                     /home/luckcfm/.gradle/wrapper/dists/gradle-1.12-all/2apkk7d25miauqf1pdjp1bm0uo/gradle-1.12/lib/native-platform-osx-i386-0.10.jar
7fbf65580000-7fbf65582000 r--s 00008000 08:05 624387                     /home/luckcfm/.gradle/wrapper/dists/gradle-1.12-all/2apkk7d25miauqf1pdjp1bm0uo/gradle-1.12/lib/jansi-1.2.1.jar
7fbf65582000-7fbf65585000 r--s 00013000 08:05 624386                     /home/luckcfm/.gradle/wrapper/dists/gradle-1.12-all/2apkk7d25miauqf1pdjp1bm0uo/gradle-1.12/lib/jna-posix-1.0.3.jar
7fbf65585000-7fbf65588000 r--s 0000d000 08:05 624385                     /home/luckcfm/.gradle/wrapper/dists/gradle-1.12-all/2apkk7d25miauqf1pdjp1bm0uo/gradle-1.12/lib/native-platform-0.10.jar
7fbf65588000-7fbf6558c000 r--s 000e4000 08:05 624384                     /home/luckcfm/.gradle/wrapper/dists/gradle-1.12-all/2apkk7d25miauqf1pdjp1bm0uo/gradle-1.12/lib/jna-3.2.7.jar
7fbf6558c000-7fbf6558e000 r--s 00009000 08:05 624357                     /home/luckcfm/.gradle/wrapper/dists/gradle-1.12-all/2apkk7d25miauqf1pdjp1bm0uo/gradle-1.12/lib/gradle-native-1.12.jar
7fbf6558e000-7fbf6558f000 r--s 00006000 08:05 624354                     /home/luckcfm/.gradle/wrapper/dists/gradle-1.12-all/2apkk7d25miauqf1pdjp1bm0uo/gradle-1.12/lib/gradle-cli-1.12.jar
7fbf6558f000-7fbf65590000 r--s 00000000 08:05 624362                     /home/luckcfm/.gradle/wrapper/dists/gradle-1.12-all/2apkk7d25miauqf1pdjp1bm0uo/gradle-1.12/lib/gradle-resources-1.12.jar
7fbf65590000-7fbf65592000 r--s 00000000 08:05 624361                     /home/luckcfm/.gradle/wrapper/dists/gradle-1.12-all/2apkk7d25miauqf1pdjp1bm0uo/gradle-1.12/lib/gradle-base-services-groovy-1.12.jar
7fbf65592000-7fbf65593000 r--s 00000000 08:05 624378                     /home/luckcfm/.gradle/wrapper/dists/gradle-1.12-all/2apkk7d25miauqf1pdjp1bm0uo/gradle-1.12/lib/gradle-docs-1.12.jar
7fbf65593000-7fbf65599000 r--s 0005b000 08:05 624395                     /home/luckcfm/.gradle/wrapper/dists/gradle-1.12-all/2apkk7d25miauqf1pdjp1bm0uo/gradle-1.12/lib/jcifs-1.3.17.jar
7fbf65599000-7fbf6559f000 r--s 00031000 08:05 624394                     /home/luckcfm/.gradle/wrapper/dists/gradle-1.12-all/2apkk7d25miauqf1pdjp1bm0uo/gradle-1.12/lib/httpcore-4.2.2.jar
7fbf6559f000-7fbf655a5000 r--s 00033000 08:05 624393                     /home/luckcfm/.gradle/wrapper/dists/gradle-1.12-all/2apkk7d25miauqf1pdjp1bm0uo/gradle-1.12/lib/commons-codec-1.6.jar
7fbf655a5000-7fbf655a7000 r--s 00026000 08:05 624392                     /home/luckcfm/.gradle/wrapper/dists/gradle-1.12-all/2apkk7d25miauqf1pdjp1bm0uo/gradle-1.12/lib/http-builder-0.6.jar
7fbf655a7000-7fbf655a9000 r--s 00013000 08:05 624406                     /home/luckcfm/.gradle/wrapper/dists/gradle-1.12-all/2apkk7d25miauqf1pdjp1bm0uo/gradle-1.12/lib/xml-resolver-1.2.jar
7fbf655a9000-7fbf655ad000 r--s 00022000 08:05 624405                     /home/luckcfm/.gradle/wrapper/dists/gradle-1.12-all/2apkk7d25miauqf1pdjp1bm0uo/gradle-1.12/lib/json-lib-2.3-jdk15.jar
7fbf655ad000-7fbf655b0000 r--s 00013000 08:05 624412                     /home/luckcfm/.gradle/wrapper/dists/gradle-1.12-all/2apkk7d25miauqf1pdjp1bm0uo/gradle-1.12/lib/ezmorph-1.0.6.jar
7fbf655b0000-7fbf655b5000 r--s 00034000 08:05 624410                     /home/luckcfm/.gradle/wrapper/dists/gradle-1.12-all/2apkk7d25miauqf1pdjp1bm0uo/gradle-1.12/lib/commons-beanutils-1.8.0.jar
7fbf655b5000-7fbf655b7000 r--s 0000d000 08:05 624411                     /home/luckcfm/.gradle/wrapper/dists/gradle-1.12-all/2apkk7d25miauqf1pdjp1bm0uo/gradle-1.12/lib/commons-logging-1.1.1.jar
7fbf655b7000-7fbf655c6000 r--s 0007f000 08:05 624390                     /home/luckcfm/.gradle/wrapper/dists/gradle-1.12-all/2apkk7d25miauqf1pdjp1bm0uo/gradle-1.12/lib/joda-time-2.3.jar
7fbf655c6000-7fbf655ca000 r--s 0003d000 08:05 624389                     /home/luckcfm/.gradle/wrapper/dists/gradle-1.12-all/2apkk7d25miauqf1pdjp1bm0uo/gradle-1.12/lib/jsch-0.1.51.jar
7fbf655ca000-7fbf655cc000 r--s 00003000 08:05 624380                     /home/luckcfm/.gradle/wrapper/dists/gradle-1.12-all/2apkk7d25miauqf1pdjp1bm0uo/gradle-1.12/lib/jcl-over-slf4j-1.7.5.jar
7fbf655cc000-7fbf655ce000 r--s 00004000 08:05 624379                     /home/luckcfm/.gradle/wrapper/dists/gradle-1.12-all/2apkk7d25miauqf1pdjp1bm0uo/gradle-1.12/lib/log4j-over-slf4j-1.7.5.jar
7fbf655ce000-7fbf655d7000 r--s 00060000 08:05 624376                     /home/luckcfm/.gradle/wrapper/dists/gradle-1.12-all/2apkk7d25miauqf1pdjp1bm0uo/gradle-1.12/lib/httpclient-4.2.2.jar
7fbf655d7000-7fbf655da000 r--s 0001b000 08:05 624373                     /home/luckcfm/.gradle/wrapper/dists/gradle-1.12-all/2apkk7d25miauqf1pdjp1bm0uo/gradle-1.12/lib/jarjar-1.3.jar
7fbf655da000-7fbf655e0000 r--s 0003b000 08:05 624370                     /home/luckcfm/.gradle/wrapper/dists/gradle-1.12-all/2apkk7d25miauqf1pdjp1bm0uo/gradle-1.12/lib/logback-classic-1.0.13.jar
7fbf655e0000-7fbf655ea000 r--s 0005d000 08:05 624369                     /home/luckcfm/.gradle/wrapper/dists/gradle-1.12-all/2apkk7d25miauqf1pdjp1bm0uo/gradle-1.12/lib/logback-core-1.0.13.jar
7fbf655ea000-7fbf655f9000 r--s 000d9000 08:05 624368                     /home/luckcfm/.gradle/wrapper/dists/gradle-1.12-all/2apkk7d25miauqf1pdjp1bm0uo/gradle-1.12/lib/ivy-2.2.0.jar
7fbf655f9000-7fbf655fe000 r--s 00041000 08:05 624367                     /home/luckcfm/.gradle/wrapper/dists/gradle-1.12-all/2apkk7d25miauqf1pdjp1bm0uo/gradle-1.12/lib/commons-lang-2.6.jar
7fbf655fe000-7fbf6560c000 r--s 0007f000 08:05 624365                     /home/luckcfm/.gradle/wrapper/dists/gradle-1.12-all/2apkk7d25miauqf1pdjp1bm0uo/gradle-1.12/lib/commons-collections-3.2.1.jar
7fbf6560c000-7fbf65611000 r--s 00035000 08:05 624363                     /home/luckcfm/.gradle/wrapper/dists/gradle-1.12-all/2apkk7d25miauqf1pdjp1bm0uo/gradle-1.12/lib/asm-all-5.0_BETA.jar
7fbf65611000-7fbf65612000 ---p 00000000 00:00 0 
7fbf65612000-7fbf65712000 rw-p 00000000 00:00 0                          [stack:8861]
7fbf65712000-7fbf65715000 ---p 00000000 00:00 0 
7fbf65715000-7fbf65813000 rw-p 00000000 00:00 0                          [stack:8860]
7fbf65813000-7fbf65816000 ---p 00000000 00:00 0 
7fbf65816000-7fbf65914000 rw-p 00000000 00:00 0                          [stack:8859]
7fbf65914000-7fbf65917000 ---p 00000000 00:00 0 
7fbf65917000-7fbf65a15000 rw-p 00000000 00:00 0                          [stack:8858]
7fbf65a15000-7fbf65a18000 ---p 00000000 00:00 0 
7fbf65a18000-7fbf65b16000 rw-p 00000000 00:00 0                          [stack:8857]
7fbf65b16000-7fbf661fa000 r--p 00000000 08:06 991665                     /usr/lib/locale/locale-archive
7fbf661fa000-7fbf661fd000 ---p 00000000 00:00 0 
7fbf661fd000-7fbf662fb000 rw-p 00000000 00:00 0                          [stack:8856]
7fbf662fb000-7fbf662fe000 ---p 00000000 00:00 0 
7fbf662fe000-7fbf663fc000 rw-p 00000000 00:00 0                          [stack:8855]
7fbf663fc000-7fbf663fd000 ---p 00000000 00:00 0 
7fbf663fd000-7fbf69000000 rw-p 00000000 00:00 0                          [stack:8854]
7fbf69000000-7fbf69760000 rwxp 00000000 00:00 0 
7fbf69760000-7fbf6c64b000 rw-p 00000000 00:00 0 
7fbf6c64b000-7fbf70000000 ---p 00000000 00:00 0 
7fbf70000000-7fbf70001000 r--s 00001000 08:05 624391                     /home/luckcfm/.gradle/wrapper/dists/gradle-1.12-all/2apkk7d25miauqf1pdjp1bm0uo/gradle-1.12/lib/bintray-client-java-api-0.1.0.jar
7fbf70001000-7fbf70002000 r--s 00009000 08:05 624375                     /home/luckcfm/.gradle/wrapper/dists/gradle-1.12-all/2apkk7d25miauqf1pdjp1bm0uo/gradle-1.12/lib/bintray-client-java-impl-0.1.0.jar
7fbf70002000-7fbf7005e000 r--s 00586000 08:05 624360                     /home/luckcfm/.gradle/wrapper/dists/gradle-1.12-all/2apkk7d25miauqf1pdjp1bm0uo/gradle-1.12/lib/groovy-all-1.8.6.jar
7fbf7005e000-7fbf70085000 r--s 001c3000 08:05 624359                     /home/luckcfm/.gradle/wrapper/dists/gradle-1.12-all/2apkk7d25miauqf1pdjp1bm0uo/gradle-1.12/lib/guava-jdk5-14.0.1.jar
7fbf70085000-7fbf700a4000 r--s 001cc000 08:05 624364                     /home/luckcfm/.gradle/wrapper/dists/gradle-1.12-all/2apkk7d25miauqf1pdjp1bm0uo/gradle-1.12/lib/ant-1.9.3.jar
7fbf700a4000-7fbf700d4000 r--s 00191000 08:05 624353                     /home/luckcfm/.gradle/wrapper/dists/gradle-1.12-all/2apkk7d25miauqf1pdjp1bm0uo/gradle-1.12/lib/gradle-core-1.12.jar
7fbf700d4000-7fbf70dd0000 rw-p 00000000 00:00 0 
7fbf70dd0000-7fbf70f8f000 r--s 039e5000 08:06 1230035                    /usr/lib/jvm/java-7-oracle/jre/lib/rt.jar
7fbf70f8f000-7fbf71308000 rw-p 00000000 00:00 0 
7fbf71308000-7fbf71309000 ---p 00000000 00:00 0 
7fbf71309000-7fbf71409000 rw-p 00000000 00:00 0                          [stack:8853]
7fbf71409000-7fbf7140a000 ---p 00000000 00:00 0 
7fbf7140a000-7fbf7150a000 rw-p 00000000 00:00 0                          [stack:8852]
7fbf7150a000-7fbf7150b000 ---p 00000000 00:00 0 
7fbf7150b000-7fbf7160b000 rw-p 00000000 00:00 0                          [stack:8851]
7fbf7160b000-7fbf7160c000 ---p 00000000 00:00 0 
7fbf7160c000-7fbf7174e000 rw-p 00000000 00:00 0                          [stack:8850]
7fbf7174e000-7fbf7178c000 rw-p 00000000 00:00 0 
7fbf7178c000-7fbf717ef000 rw-p 00000000 00:00 0 
7fbf717ef000-7fbf718e2000 rw-p 00000000 00:00 0 
7fbf718e2000-7fbf71924000 rw-p 00000000 00:00 0 
7fbf71924000-7fbf71962000 rw-p 00000000 00:00 0 
7fbf71962000-7fbf719c5000 rw-p 00000000 00:00 0 
7fbf719c5000-7fbf71ab7000 rw-p 00000000 00:00 0 
7fbf71ab7000-7fbf71b60000 rw-p 00000000 00:00 0 
7fbf71b60000-7fbf71b62000 ---p 00000000 00:00 0 
7fbf71b62000-7fbf71b63000 rw-p 00000000 00:00 0 
7fbf71b63000-7fbf71b7d000 r-xp 00000000 08:06 1275656                    /usr/lib/jvm/java-7-oracle/jre/lib/amd64/libzip.so
7fbf71b7d000-7fbf71d7d000 ---p 0001a000 08:06 1275656                    /usr/lib/jvm/java-7-oracle/jre/lib/amd64/libzip.so
7fbf71d7d000-7fbf71d7e000 rw-p 0001a000 08:06 1275656                    /usr/lib/jvm/java-7-oracle/jre/lib/amd64/libzip.so
7fbf71d7e000-7fbf71d89000 r-xp 00000000 08:06 302612                     /lib/x86_64-linux-gnu/libnss_files-2.19.so
7fbf71d89000-7fbf71f88000 ---p 0000b000 08:06 302612                     /lib/x86_64-linux-gnu/libnss_files-2.19.so
7fbf71f88000-7fbf71f89000 r--p 0000a000 08:06 302612                     /lib/x86_64-linux-gnu/libnss_files-2.19.so
7fbf71f89000-7fbf71f8a000 rw-p 0000b000 08:06 302612                     /lib/x86_64-linux-gnu/libnss_files-2.19.so
7fbf71f8a000-7fbf71f95000 r-xp 00000000 08:06 302527                     /lib/x86_64-linux-gnu/libnss_nis-2.19.so
7fbf71f95000-7fbf72194000 ---p 0000b000 08:06 302527                     /lib/x86_64-linux-gnu/libnss_nis-2.19.so
7fbf72194000-7fbf72195000 r--p 0000a000 08:06 302527                     /lib/x86_64-linux-gnu/libnss_nis-2.19.so
7fbf72195000-7fbf72196000 rw-p 0000b000 08:06 302527                     /lib/x86_64-linux-gnu/libnss_nis-2.19.so
7fbf72196000-7fbf721ad000 r-xp 00000000 08:06 302614                     /lib/x86_64-linux-gnu/libnsl-2.19.so
7fbf721ad000-7fbf723ac000 ---p 00017000 08:06 302614                     /lib/x86_64-linux-gnu/libnsl-2.19.so
7fbf723ac000-7fbf723ad000 r--p 00016000 08:06 302614                     /lib/x86_64-linux-gnu/libnsl-2.19.so
7fbf723ad000-7fbf723ae000 rw-p 00017000 08:06 302614                     /lib/x86_64-linux-gnu/libnsl-2.19.so
7fbf723ae000-7fbf723b0000 rw-p 00000000 00:00 0 
7fbf723b0000-7fbf723b9000 r-xp 00000000 08:06 302607                     /lib/x86_64-linux-gnu/libnss_compat-2.19.so
7fbf723b9000-7fbf725b8000 ---p 00009000 08:06 302607                     /lib/x86_64-linux-gnu/libnss_compat-2.19.so
7fbf725b8000-7fbf725b9000 r--p 00008000 08:06 302607                     /lib/x86_64-linux-gnu/libnss_compat-2.19.so
7fbf725b9000-7fbf725ba000 rw-p 00009000 08:06 302607                     /lib/x86_64-linux-gnu/libnss_compat-2.19.so
7fbf725ba000-7fbf725e3000 r-xp 00000000 08:06 1275621                    /usr/lib/jvm/java-7-oracle/jre/lib/amd64/libjava.so
7fbf725e3000-7fbf727e3000 ---p 00029000 08:06 1275621                    /usr/lib/jvm/java-7-oracle/jre/lib/amd64/libjava.so
7fbf727e3000-7fbf727e5000 rw-p 00029000 08:06 1275621                    /usr/lib/jvm/java-7-oracle/jre/lib/amd64/libjava.so
7fbf727e5000-7fbf727f2000 r-xp 00000000 08:06 1275636                    /usr/lib/jvm/java-7-oracle/jre/lib/amd64/libverify.so
7fbf727f2000-7fbf729f1000 ---p 0000d000 08:06 1275636                    /usr/lib/jvm/java-7-oracle/jre/lib/amd64/libverify.so
7fbf729f1000-7fbf729f3000 rw-p 0000c000 08:06 1275636                    /usr/lib/jvm/java-7-oracle/jre/lib/amd64/libverify.so
7fbf729f3000-7fbf729fa000 r-xp 00000000 08:06 302610                     /lib/x86_64-linux-gnu/librt-2.19.so
7fbf729fa000-7fbf72bf9000 ---p 00007000 08:06 302610                     /lib/x86_64-linux-gnu/librt-2.19.so
7fbf72bf9000-7fbf72bfa000 r--p 00006000 08:06 302610                     /lib/x86_64-linux-gnu/librt-2.19.so
7fbf72bfa000-7fbf72bfb000 rw-p 00007000 08:06 302610                     /lib/x86_64-linux-gnu/librt-2.19.so
7fbf72bfb000-7fbf72d00000 r-xp 00000000 08:06 302611                     /lib/x86_64-linux-gnu/libm-2.19.so
7fbf72d00000-7fbf72eff000 ---p 00105000 08:06 302611                     /lib/x86_64-linux-gnu/libm-2.19.so
7fbf72eff000-7fbf72f00000 r--p 00104000 08:06 302611                     /lib/x86_64-linux-gnu/libm-2.19.so
7fbf72f00000-7fbf72f01000 rw-p 00105000 08:06 302611                     /lib/x86_64-linux-gnu/libm-2.19.so
7fbf72f01000-7fbf73a71000 r-xp 00000000 08:06 1275669                    /usr/lib/jvm/java-7-oracle/jre/lib/amd64/server/libjvm.so
7fbf73a71000-7fbf73c70000 ---p 00b70000 08:06 1275669                    /usr/lib/jvm/java-7-oracle/jre/lib/amd64/server/libjvm.so
7fbf73c70000-7fbf73d35000 rw-p 00b6f000 08:06 1275669                    /usr/lib/jvm/java-7-oracle/jre/lib/amd64/server/libjvm.so
7fbf73d35000-7fbf73d75000 rw-p 00000000 00:00 0 
7fbf73d75000-7fbf73f31000 r-xp 00000000 08:06 302615                     /lib/x86_64-linux-gnu/libc-2.19.so
7fbf73f31000-7fbf74130000 ---p 001bc000 08:06 302615                     /lib/x86_64-linux-gnu/libc-2.19.so
7fbf74130000-7fbf74134000 r--p 001bb000 08:06 302615                     /lib/x86_64-linux-gnu/libc-2.19.so
7fbf74134000-7fbf74136000 rw-p 001bf000 08:06 302615                     /lib/x86_64-linux-gnu/libc-2.19.so
7fbf74136000-7fbf7413b000 rw-p 00000000 00:00 0 
7fbf7413b000-7fbf7413e000 r-xp 00000000 08:06 302604                     /lib/x86_64-linux-gnu/libdl-2.19.so
7fbf7413e000-7fbf7433d000 ---p 00003000 08:06 302604                     /lib/x86_64-linux-gnu/libdl-2.19.so
7fbf7433d000-7fbf7433e000 r--p 00002000 08:06 302604                     /lib/x86_64-linux-gnu/libdl-2.19.so
7fbf7433e000-7fbf7433f000 rw-p 00003000 08:06 302604                     /lib/x86_64-linux-gnu/libdl-2.19.so
7fbf7433f000-7fbf74355000 r-xp 00000000 08:06 109815                     /usr/lib/jvm/java-7-oracle/lib/amd64/jli/libjli.so
7fbf74355000-7fbf74555000 ---p 00016000 08:06 109815                     /usr/lib/jvm/java-7-oracle/lib/amd64/jli/libjli.so
7fbf74555000-7fbf74556000 rw-p 00016000 08:06 109815                     /usr/lib/jvm/java-7-oracle/lib/amd64/jli/libjli.so
7fbf74556000-7fbf7456f000 r-xp 00000000 08:06 305223                     /lib/x86_64-linux-gnu/libpthread-2.19.so
7fbf7456f000-7fbf7476e000 ---p 00019000 08:06 305223                     /lib/x86_64-linux-gnu/libpthread-2.19.so
7fbf7476e000-7fbf7476f000 r--p 00018000 08:06 305223                     /lib/x86_64-linux-gnu/libpthread-2.19.so
7fbf7476f000-7fbf74770000 rw-p 00019000 08:06 305223                     /lib/x86_64-linux-gnu/libpthread-2.19.so
7fbf74770000-7fbf74774000 rw-p 00000000 00:00 0 
7fbf74774000-7fbf74797000 r-xp 00000000 08:06 302603                     /lib/x86_64-linux-gnu/ld-2.19.so
7fbf74797000-7fbf74798000 r--s 00000000 08:05 624374                     /home/luckcfm/.gradle/wrapper/dists/gradle-1.12-all/2apkk7d25miauqf1pdjp1bm0uo/gradle-1.12/lib/javax.inject-1.jar
7fbf74798000-7fbf74799000 r--s 00001000 08:05 624372                     /home/luckcfm/.gradle/wrapper/dists/gradle-1.12-all/2apkk7d25miauqf1pdjp1bm0uo/gradle-1.12/lib/jul-to-slf4j-1.7.5.jar
7fbf74799000-7fbf7479a000 r--s 00000000 08:05 624371                     /home/luckcfm/.gradle/wrapper/dists/gradle-1.12-all/2apkk7d25miauqf1pdjp1bm0uo/gradle-1.12/lib/jcip-annotations-1.0.jar
7fbf7479a000-7fbf747d1000 rw-p 00000000 00:00 0 
7fbf747d1000-7fbf74873000 rw-p 00000000 00:00 0 
7fbf74873000-7fbf74876000 ---p 00000000 00:00 0 
7fbf74876000-7fbf74978000 rw-p 00000000 00:00 0                          [stack:8849]
7fbf74978000-7fbf7497b000 r--s 00018000 08:05 624366                     /home/luckcfm/.gradle/wrapper/dists/gradle-1.12-all/2apkk7d25miauqf1pdjp1bm0uo/gradle-1.12/lib/commons-io-1.4.jar
7fbf7497b000-7fbf7497d000 r--s 00005000 08:05 624358                     /home/luckcfm/.gradle/wrapper/dists/gradle-1.12-all/2apkk7d25miauqf1pdjp1bm0uo/gradle-1.12/lib/slf4j-api-1.7.5.jar
7fbf7497d000-7fbf7497e000 r--s 00004000 08:05 624388                     /home/luckcfm/.gradle/wrapper/dists/gradle-1.12-all/2apkk7d25miauqf1pdjp1bm0uo/gradle-1.12/lib/ant-launcher-1.9.3.jar
7fbf7497e000-7fbf74983000 r--s 00024000 08:05 624352                     /home/luckcfm/.gradle/wrapper/dists/gradle-1.12-all/2apkk7d25miauqf1pdjp1bm0uo/gradle-1.12/lib/gradle-base-services-1.12.jar
7fbf74983000-7fbf7498a000 r--s 00037000 08:05 624350                     /home/luckcfm/.gradle/wrapper/dists/gradle-1.12-all/2apkk7d25miauqf1pdjp1bm0uo/gradle-1.12/lib/gradle-launcher-1.12.jar
7fbf7498a000-7fbf74992000 rw-s 00000000 08:06 972982                     /tmp/hsperfdata_luckcfm/8847
7fbf74992000-7fbf74993000 rw-p 00000000 00:00 0 
7fbf74993000-7fbf74994000 ---p 00000000 00:00 0 
7fbf74994000-7fbf74996000 rw-p 00000000 00:00 0 
7fbf74996000-7fbf74997000 r--p 00022000 08:06 302603                     /lib/x86_64-linux-gnu/ld-2.19.so
7fbf74997000-7fbf74998000 rw-p 00023000 08:06 302603                     /lib/x86_64-linux-gnu/ld-2.19.so
7fbf74998000-7fbf74999000 rw-p 00000000 00:00 0 
7fff856cb000-7fff856ed000 rw-p 00000000 00:00 0                          [stack]
7fff857fe000-7fff85800000 r-xp 00000000 00:00 0                          [vdso]
ffffffffff600000-ffffffffff601000 r-xp 00000000 00:00 0                  [vsyscall]

VM Arguments:
jvm_args: -XX:MaxPermSize=256m -XX:+HeapDumpOnOutOfMemoryError -Xmx1024m -Dfile.encoding=UTF-8 
java_command: org.gradle.launcher.daemon.bootstrap.GradleDaemon 1.12 /home/luckcfm/.gradle/daemon 10800000 c60e49b9-92e6-436f-a641-6599b5231eed -XX:MaxPermSize=256m -XX:+HeapDumpOnOutOfMemoryError -Xmx1024m -Dfile.encoding=UTF-8
Launcher Type: SUN_STANDARD

Environment Variables:
JAVA_HOME=/usr/lib/jvm/java-7-oracle
CLASSPATH=./../lib/bootstrap.jar:./../lib/extensions.jar:./../lib/util.jar:./../lib/jdom.jar:./../lib/log4j.jar:./../lib/trove4j.jar:./../lib/jna.jar:/usr/lib/jvm/java-7-oracle/lib/tools.jar
PATH=/home/luckcfm/bin/Sencha/Cmd/5.0.1.231:/home/luckcfm/bin/Sencha/Cmd/5.0.1.231:/home/luckcfm/bin:/usr/local/sbin:/usr/local/bin:/usr/sbin:/usr/bin:/sbin:/bin:/usr/games:/usr/local/games
LD_LIBRARY_PATH=.:
SHELL=/bin/bash
DISPLAY=:0

Signal Handlers:
SIGSEGV: [libjvm.so+0x99f4a0], sa_mask[0]=0x7ffbfeff, sa_flags=0x10000004
SIGBUS: [libjvm.so+0x99f4a0], sa_mask[0]=0x7ffbfeff, sa_flags=0x10000004
SIGFPE: [libjvm.so+0x81a860], sa_mask[0]=0x7ffbfeff, sa_flags=0x10000004
SIGPIPE: [libjvm.so+0x81a860], sa_mask[0]=0x7ffbfeff, sa_flags=0x10000004
SIGXFSZ: [libjvm.so+0x81a860], sa_mask[0]=0x7ffbfeff, sa_flags=0x10000004
SIGILL: [libjvm.so+0x81a860], sa_mask[0]=0x7ffbfeff, sa_flags=0x10000004
SIGUSR1: SIG_DFL, sa_mask[0]=0x00000000, sa_flags=0x00000000
SIGUSR2: [libjvm.so+0x81c060], sa_mask[0]=0x00000004, sa_flags=0x10000004
SIGHUP: [libjvm.so+0x81d160], sa_mask[0]=0x7ffbfeff, sa_flags=0x10000004
SIGINT: [libjvm.so+0x81d160], sa_mask[0]=0x7ffbfeff, sa_flags=0x10000004
SIGTERM: [libjvm.so+0x81d160], sa_mask[0]=0x7ffbfeff, sa_flags=0x10000004
SIGQUIT: [libjvm.so+0x81d160], sa_mask[0]=0x7ffbfeff, sa_flags=0x10000004


---------------  S Y S T E M  ---------------

OS:jessie/sid

uname:Linux 3.13.0-34-generic #60-Ubuntu SMP Wed Aug 13 15:45:27 UTC 2014 x86_64
libc:glibc 2.19 NPTL 2.19 
rlimit: STACK 8192k, CORE 0k, NPROC 30719, NOFILE 4096, AS infinity
load average:2,25 1,49 1,41

/proc/meminfo:
MemTotal:        3953620 kB
MemFree:          114512 kB
Buffers:            1016 kB
Cached:           487772 kB
SwapCached:            0 kB
Active:          3186944 kB
Inactive:         471452 kB
Active(anon):    3172092 kB
Inactive(anon):   438616 kB
Active(file):      14852 kB
Inactive(file):    32836 kB
Unevictable:          48 kB
Mlocked:              48 kB
SwapTotal:             0 kB
SwapFree:              0 kB
Dirty:               452 kB
Writeback:             0 kB
AnonPages:       3170084 kB
Mapped:           209804 kB
Shmem:            440672 kB
Slab:              65020 kB
SReclaimable:      27652 kB
SUnreclaim:        37368 kB
KernelStack:        5200 kB
PageTables:        48464 kB
NFS_Unstable:          0 kB
Bounce:                0 kB
WritebackTmp:          0 kB
CommitLimit:     1976808 kB
Committed_AS:    8243472 kB
VmallocTotal:   34359738367 kB
VmallocUsed:      351400 kB
VmallocChunk:   34359379544 kB
HardwareCorrupted:     0 kB
AnonHugePages:   1046528 kB
HugePages_Total:       0
HugePages_Free:        0
HugePages_Rsvd:        0
HugePages_Surp:        0
Hugepagesize:       2048 kB
DirectMap4k:       74016 kB
DirectMap2M:     4026368 kB


CPU:total 4 (2 cores per cpu, 2 threads per core) family 6 model 42 stepping 7, cmov, cx8, fxsr, mmx, sse, sse2, sse3, ssse3, sse4.1, sse4.2, popcnt, avx, aes, ht, tsc, tscinvbit

/proc/cpuinfo:
processor	: 0
vendor_id	: GenuineIntel
cpu family	: 6
model		: 42
model name	: Intel(R) Core(TM) i5-2450M CPU @ 2.50GHz
stepping	: 7
microcode	: 0x1b
cpu MHz		: 2501.000
cache size	: 3072 KB
physical id	: 0
siblings	: 4
core id		: 0
cpu cores	: 2
apicid		: 0
initial apicid	: 0
fpu		: yes
fpu_exception	: yes
cpuid level	: 13
wp		: yes
flags		: fpu vme de pse tsc msr pae mce cx8 apic sep mtrr pge mca cmov pat pse36 clflush dts acpi mmx fxsr sse sse2 ss ht tm pbe syscall nx rdtscp lm constant_tsc arch_perfmon pebs bts rep_good nopl xtopology nonstop_tsc aperfmperf eagerfpu pni pclmulqdq dtes64 monitor ds_cpl vmx est tm2 ssse3 cx16 xtpr pdcm pcid sse4_1 sse4_2 x2apic popcnt tsc_deadline_timer aes xsave avx lahf_lm ida arat epb xsaveopt pln pts dtherm tpr_shadow vnmi flexpriority ept vpid
bogomips	: 4988.87
clflush size	: 64
cache_alignment	: 64
address sizes	: 36 bits physical, 48 bits virtual
power management:

processor	: 1
vendor_id	: GenuineIntel
cpu family	: 6
model		: 42
model name	: Intel(R) Core(TM) i5-2450M CPU @ 2.50GHz
stepping	: 7
microcode	: 0x1b
cpu MHz		: 2501.000
cache size	: 3072 KB
physical id	: 0
siblings	: 4
core id		: 1
cpu cores	: 2
apicid		: 2
initial apicid	: 2
fpu		: yes
fpu_exception	: yes
cpuid level	: 13
wp		: yes
flags		: fpu vme de pse tsc msr pae mce cx8 apic sep mtrr pge mca cmov pat pse36 clflush dts acpi mmx fxsr sse sse2 ss ht tm pbe syscall nx rdtscp lm constant_tsc arch_perfmon pebs bts rep_good nopl xtopology nonstop_tsc aperfmperf eagerfpu pni pclmulqdq dtes64 monitor ds_cpl vmx est tm2 ssse3 cx16 xtpr pdcm pcid sse4_1 sse4_2 x2apic popcnt tsc_deadline_timer aes xsave avx lahf_lm ida arat epb xsaveopt pln pts dtherm tpr_shadow vnmi flexpriority ept vpid
bogomips	: 4988.87
clflush size	: 64
cache_alignment	: 64
address sizes	: 36 bits physical, 48 bits virtual
power management:

processor	: 2
vendor_id	: GenuineIntel
cpu family	: 6
model		: 42
model name	: Intel(R) Core(TM) i5-2450M CPU @ 2.50GHz
stepping	: 7
microcode	: 0x1b
cpu MHz		: 800.000
cache size	: 3072 KB
physical id	: 0
siblings	: 4
core id		: 0
cpu cores	: 2
apicid		: 1
initial apicid	: 1
fpu		: yes
fpu_exception	: yes
cpuid level	: 13
wp		: yes
flags		: fpu vme de pse tsc msr pae mce cx8 apic sep mtrr pge mca cmov pat pse36 clflush dts acpi mmx fxsr sse sse2 ss ht tm pbe syscall nx rdtscp lm constant_tsc arch_perfmon pebs bts rep_good nopl xtopology nonstop_tsc aperfmperf eagerfpu pni pclmulqdq dtes64 monitor ds_cpl vmx est tm2 ssse3 cx16 xtpr pdcm pcid sse4_1 sse4_2 x2apic popcnt tsc_deadline_timer aes xsave avx lahf_lm ida arat epb xsaveopt pln pts dtherm tpr_shadow vnmi flexpriority ept vpid
bogomips	: 4988.87
clflush size	: 64
cache_alignment	: 64
address sizes	: 36 bits physical, 48 bits virtual
power management:

processor	: 3
vendor_id	: GenuineIntel
cpu family	: 6
model		: 42
model name	: Intel(R) Core(TM) i5-2450M CPU @ 2.50GHz
stepping	: 7
microcode	: 0x1b
cpu MHz		: 800.000
cache size	: 3072 KB
physical id	: 0
siblings	: 4
core id		: 1
cpu cores	: 2
apicid		: 3
initial apicid	: 3
fpu		: yes
fpu_exception	: yes
cpuid level	: 13
wp		: yes
flags		: fpu vme de pse tsc msr pae mce cx8 apic sep mtrr pge mca cmov pat pse36 clflush dts acpi mmx fxsr sse sse2 ss ht tm pbe syscall nx rdtscp lm constant_tsc arch_perfmon pebs bts rep_good nopl xtopology nonstop_tsc aperfmperf eagerfpu pni pclmulqdq dtes64 monitor ds_cpl vmx est tm2 ssse3 cx16 xtpr pdcm pcid sse4_1 sse4_2 x2apic popcnt tsc_deadline_timer aes xsave avx lahf_lm ida arat epb xsaveopt pln pts dtherm tpr_shadow vnmi flexpriority ept vpid
bogomips	: 4988.87
clflush size	: 64
cache_alignment	: 64
address sizes	: 36 bits physical, 48 bits virtual
power management:



Memory: 4k page, physical 3953620k(114512k free), swap 0k(0k free)

vm_info: Java HotSpot(TM) 64-Bit Server VM (24.65-b04) for linux-amd64 JRE (1.7.0_65-b17), built on Jun 16 2014 20:55:34 by "java_re" with gcc 4.3.0 20080428 (Red Hat 4.3.0-8)

time: Mon Aug 18 00:51:49 2014
elapsed time: 2418 seconds

